-------------------------------------------------------------------------------
Test set: adt.linkedList.StudentLinkedListTest
-------------------------------------------------------------------------------
Tests run: 6, Failures: 0, Errors: 1, Skipped: 0, Time elapsed: 0.002 s <<< FAILURE! -- in adt.linkedList.StudentLinkedListTest
adt.linkedList.StudentLinkedListTest.testToArray -- Time elapsed: 0 s <<< ERROR!
java.lang.StackOverflowError
	at adt.linkedList.RecursiveSingleLinkedListImpl.toArray(RecursiveSingleLinkedListImpl.java:83)
	at adt.linkedList.RecursiveSingleLinkedListImpl.toArray(RecursiveSingleLinkedListImpl.java:83)
	at adt.linkedList.RecursiveSingleLinkedListImpl.toArray(RecursiveSingleLinkedListImpl.java:83)
	at adt.linkedList.RecursiveSingleLinkedListImpl.toArray(RecursiveSingleLinkedListImpl.java:83)
	at adt.linkedList.RecursiveSingleLinkedListImpl.toArray(RecursiveSingleLinkedListImpl.java:83)
	at adt.linkedList.RecursiveSingleLinkedListImpl.toArray(RecursiveSingleLinkedListImpl.java:83)
	at adt.linkedList.RecursiveSingleLinkedListImpl.toArray(RecursiveSingleLinkedListImpl.java:83)
	at adt.linkedList.RecursiveSingleLinkedListImpl.toArray(RecursiveSingleLinkedListImpl.java:83)
	at adt.linkedList.RecursiveSingleLinkedListImpl.toArray(RecursiveSingleLinkedListImpl.java:83)
	at adt.linkedList.RecursiveSingleLinkedListImpl.toArray(RecursiveSingleLinkedListImpl.java:83)
	at adt.linkedList.RecursiveSingleLinkedListImpl.toArray(RecursiveSingleLinkedListImpl.java:83)
	at adt.linkedList.RecursiveSingleLinkedListImpl.toArray(RecursiveSingleLinkedListImpl.java:83)
	at adt.linkedList.RecursiveSingleLinkedListImpl.toArray(RecursiveSingleLinkedListImpl.java:83)
	at adt.linkedList.RecursiveSingleLinkedListImpl.toArray(RecursiveSingleLinkedListImpl.java:83)
	at adt.linkedList.RecursiveSingleLinkedListImpl.toArray(RecursiveSingleLinkedListImpl.java:83)
	at adt.linkedList.RecursiveSingleLinkedListImpl.toArray(RecursiveSingleLinkedListImpl.java:83)
	at adt.linkedList.RecursiveSingleLinkedListImpl.toArray(RecursiveSingleLinkedListImpl.java:83)
	at adt.linkedList.RecursiveSingleLinkedListImpl.toArray(RecursiveSingleLinkedListImpl.java:83)
	at adt.linkedList.RecursiveSingleLinkedListImpl.toArray(RecursiveSingleLinkedListImpl.java:83)
	at adt.linkedList.RecursiveSingleLinkedListImpl.toArray(RecursiveSingleLinkedListImpl.java:83)
	at adt.linkedList.RecursiveSingleLinkedListImpl.toArray(RecursiveSingleLinkedListImpl.java:83)
	at adt.linkedList.RecursiveSingleLinkedListImpl.toArray(RecursiveSingleLinkedListImpl.java:83)
	at adt.linkedList.RecursiveSingleLinkedListImpl.toArray(RecursiveSingleLinkedListImpl.java:83)
	at adt.linkedList.RecursiveSingleLinkedListImpl.toArray(RecursiveSingleLinkedListImpl.java:83)
	at adt.linkedList.RecursiveSingleLinkedListImpl.toArray(RecursiveSingleLinkedListImpl.java:83)
	at adt.linkedList.RecursiveSingleLinkedListImpl.toArray(RecursiveSingleLinkedListImpl.java:83)
	at adt.linkedList.RecursiveSingleLinkedListImpl.toArray(RecursiveSingleLinkedListImpl.java:83)
	at adt.linkedList.RecursiveSingleLinkedListImpl.toArray(RecursiveSingleLinkedListImpl.java:83)
	at adt.linkedList.RecursiveSingleLinkedListImpl.toArray(RecursiveSingleLinkedListImpl.java:83)
	at adt.linkedList.RecursiveSingleLinkedListImpl.toArray(RecursiveSingleLinkedListImpl.java:83)
	at adt.linkedList.RecursiveSingleLinkedListImpl.toArray(RecursiveSingleLinkedListImpl.java:83)
	at adt.linkedList.RecursiveSingleLinkedListImpl.toArray(RecursiveSingleLinkedListImpl.java:83)
	at adt.linkedList.RecursiveSingleLinkedListImpl.toArray(RecursiveSingleLinkedListImpl.java:83)
	at adt.linkedList.RecursiveSingleLinkedListImpl.toArray(RecursiveSingleLinkedListImpl.java:83)
	at adt.linkedList.RecursiveSingleLinkedListImpl.toArray(RecursiveSingleLinkedListImpl.java:83)
	at adt.linkedList.RecursiveSingleLinkedListImpl.toArray(RecursiveSingleLinkedListImpl.java:83)
	at adt.linkedList.RecursiveSingleLinkedListImpl.toArray(RecursiveSingleLinkedListImpl.java:83)
	at adt.linkedList.RecursiveSingleLinkedListImpl.toArray(RecursiveSingleLinkedListImpl.java:83)
	at adt.linkedList.RecursiveSingleLinkedListImpl.toArray(RecursiveSingleLinkedListImpl.java:83)
	at adt.linkedList.RecursiveSingleLinkedListImpl.toArray(RecursiveSingleLinkedListImpl.java:83)
	at adt.linkedList.RecursiveSingleLinkedListImpl.toArray(RecursiveSingleLinkedListImpl.java:83)
	at adt.linkedList.RecursiveSingleLinkedListImpl.toArray(RecursiveSingleLinkedListImpl.java:83)
	at adt.linkedList.RecursiveSingleLinkedListImpl.toArray(RecursiveSingleLinkedListImpl.java:83)
	at adt.linkedList.RecursiveSingleLinkedListImpl.toArray(RecursiveSingleLinkedListImpl.java:83)
	at adt.linkedList.RecursiveSingleLinkedListImpl.toArray(RecursiveSingleLinkedListImpl.java:83)
	at adt.linkedList.RecursiveSingleLinkedListImpl.toArray(RecursiveSingleLinkedListImpl.java:83)
	at adt.linkedList.RecursiveSingleLinkedListImpl.toArray(RecursiveSingleLinkedListImpl.java:83)
	at adt.linkedList.RecursiveSingleLinkedListImpl.toArray(RecursiveSingleLinkedListImpl.java:83)
	at adt.linkedList.RecursiveSingleLinkedListImpl.toArray(RecursiveSingleLinkedListImpl.java:83)
	at adt.linkedList.RecursiveSingleLinkedListImpl.toArray(RecursiveSingleLinkedListImpl.java:83)
	at adt.linkedList.RecursiveSingleLinkedListImpl.toArray(RecursiveSingleLinkedListImpl.java:83)
	at adt.linkedList.RecursiveSingleLinkedListImpl.toArray(RecursiveSingleLinkedListImpl.java:83)
	at adt.linkedList.RecursiveSingleLinkedListImpl.toArray(RecursiveSingleLinkedListImpl.java:83)
	at adt.linkedList.RecursiveSingleLinkedListImpl.toArray(RecursiveSingleLinkedListImpl.java:83)
	at adt.linkedList.RecursiveSingleLinkedListImpl.toArray(RecursiveSingleLinkedListImpl.java:83)
	at adt.linkedList.RecursiveSingleLinkedListImpl.toArray(RecursiveSingleLinkedListImpl.java:83)
	at adt.linkedList.RecursiveSingleLinkedListImpl.toArray(RecursiveSingleLinkedListImpl.java:83)
	at adt.linkedList.RecursiveSingleLinkedListImpl.toArray(RecursiveSingleLinkedListImpl.java:83)
	at adt.linkedList.RecursiveSingleLinkedListImpl.toArray(RecursiveSingleLinkedListImpl.java:83)
	at adt.linkedList.RecursiveSingleLinkedListImpl.toArray(RecursiveSingleLinkedListImpl.java:83)
	at adt.linkedList.RecursiveSingleLinkedListImpl.toArray(RecursiveSingleLinkedListImpl.java:83)
	at adt.linkedList.RecursiveSingleLinkedListImpl.toArray(RecursiveSingleLinkedListImpl.java:83)
	at adt.linkedList.RecursiveSingleLinkedListImpl.toArray(RecursiveSingleLinkedListImpl.java:83)
	at adt.linkedList.RecursiveSingleLinkedListImpl.toArray(RecursiveSingleLinkedListImpl.java:83)
	at adt.linkedList.RecursiveSingleLinkedListImpl.toArray(RecursiveSingleLinkedListImpl.java:83)
	at adt.linkedList.RecursiveSingleLinkedListImpl.toArray(RecursiveSingleLinkedListImpl.java:83)
	at adt.linkedList.RecursiveSingleLinkedListImpl.toArray(RecursiveSingleLinkedListImpl.java:83)
	at adt.linkedList.RecursiveSingleLinkedListImpl.toArray(RecursiveSingleLinkedListImpl.java:83)
	at adt.linkedList.RecursiveSingleLinkedListImpl.toArray(RecursiveSingleLinkedListImpl.java:83)
	at adt.linkedList.RecursiveSingleLinkedListImpl.toArray(RecursiveSingleLinkedListImpl.java:83)
	at adt.linkedList.RecursiveSingleLinkedListImpl.toArray(RecursiveSingleLinkedListImpl.java:83)
	at adt.linkedList.RecursiveSingleLinkedListImpl.toArray(RecursiveSingleLinkedListImpl.java:83)
	at adt.linkedList.RecursiveSingleLinkedListImpl.toArray(RecursiveSingleLinkedListImpl.java:83)
	at adt.linkedList.RecursiveSingleLinkedListImpl.toArray(RecursiveSingleLinkedListImpl.java:83)
	at adt.linkedList.RecursiveSingleLinkedListImpl.toArray(RecursiveSingleLinkedListImpl.java:83)
	at adt.linkedList.RecursiveSingleLinkedListImpl.toArray(RecursiveSingleLinkedListImpl.java:83)
	at adt.linkedList.RecursiveSingleLinkedListImpl.toArray(RecursiveSingleLinkedListImpl.java:83)
	at adt.linkedList.RecursiveSingleLinkedListImpl.toArray(RecursiveSingleLinkedListImpl.java:83)
	at adt.linkedList.RecursiveSingleLinkedListImpl.toArray(RecursiveSingleLinkedListImpl.java:83)
	at adt.linkedList.RecursiveSingleLinkedListImpl.toArray(RecursiveSingleLinkedListImpl.java:83)
	at adt.linkedList.RecursiveSingleLinkedListImpl.toArray(RecursiveSingleLinkedListImpl.java:83)
	at adt.linkedList.RecursiveSingleLinkedListImpl.toArray(RecursiveSingleLinkedListImpl.java:83)
	at adt.linkedList.RecursiveSingleLinkedListImpl.toArray(RecursiveSingleLinkedListImpl.java:83)
	at adt.linkedList.RecursiveSingleLinkedListImpl.toArray(RecursiveSingleLinkedListImpl.java:83)
	at adt.linkedList.RecursiveSingleLinkedListImpl.toArray(RecursiveSingleLinkedListImpl.java:83)
	at adt.linkedList.RecursiveSingleLinkedListImpl.toArray(RecursiveSingleLinkedListImpl.java:83)
	at adt.linkedList.RecursiveSingleLinkedListImpl.toArray(RecursiveSingleLinkedListImpl.java:83)
	at adt.linkedList.RecursiveSingleLinkedListImpl.toArray(RecursiveSingleLinkedListImpl.java:83)
	at adt.linkedList.RecursiveSingleLinkedListImpl.toArray(RecursiveSingleLinkedListImpl.java:83)
	at adt.linkedList.RecursiveSingleLinkedListImpl.toArray(RecursiveSingleLinkedListImpl.java:83)
	at adt.linkedList.RecursiveSingleLinkedListImpl.toArray(RecursiveSingleLinkedListImpl.java:83)
	at adt.linkedList.RecursiveSingleLinkedListImpl.toArray(RecursiveSingleLinkedListImpl.java:83)
	at adt.linkedList.RecursiveSingleLinkedListImpl.toArray(RecursiveSingleLinkedListImpl.java:83)
	at adt.linkedList.RecursiveSingleLinkedListImpl.toArray(RecursiveSingleLinkedListImpl.java:83)
	at adt.linkedList.RecursiveSingleLinkedListImpl.toArray(RecursiveSingleLinkedListImpl.java:83)
	at adt.linkedList.RecursiveSingleLinkedListImpl.toArray(RecursiveSingleLinkedListImpl.java:83)
	at adt.linkedList.RecursiveSingleLinkedListImpl.toArray(RecursiveSingleLinkedListImpl.java:83)
	at adt.linkedList.RecursiveSingleLinkedListImpl.toArray(RecursiveSingleLinkedListImpl.java:83)
	at adt.linkedList.RecursiveSingleLinkedListImpl.toArray(RecursiveSingleLinkedListImpl.java:83)
	at adt.linkedList.RecursiveSingleLinkedListImpl.toArray(RecursiveSingleLinkedListImpl.java:83)
	at adt.linkedList.RecursiveSingleLinkedListImpl.toArray(RecursiveSingleLinkedListImpl.java:83)
	at adt.linkedList.RecursiveSingleLinkedListImpl.toArray(RecursiveSingleLinkedListImpl.java:83)
	at adt.linkedList.RecursiveSingleLinkedListImpl.toArray(RecursiveSingleLinkedListImpl.java:83)
	at adt.linkedList.RecursiveSingleLinkedListImpl.toArray(RecursiveSingleLinkedListImpl.java:83)
	at adt.linkedList.RecursiveSingleLinkedListImpl.toArray(RecursiveSingleLinkedListImpl.java:83)
	at adt.linkedList.RecursiveSingleLinkedListImpl.toArray(RecursiveSingleLinkedListImpl.java:83)
	at adt.linkedList.RecursiveSingleLinkedListImpl.toArray(RecursiveSingleLinkedListImpl.java:83)
	at adt.linkedList.RecursiveSingleLinkedListImpl.toArray(RecursiveSingleLinkedListImpl.java:83)
	at adt.linkedList.RecursiveSingleLinkedListImpl.toArray(RecursiveSingleLinkedListImpl.java:83)
	at adt.linkedList.RecursiveSingleLinkedListImpl.toArray(RecursiveSingleLinkedListImpl.java:83)
	at adt.linkedList.RecursiveSingleLinkedListImpl.toArray(RecursiveSingleLinkedListImpl.java:83)
	at adt.linkedList.RecursiveSingleLinkedListImpl.toArray(RecursiveSingleLinkedListImpl.java:83)
	at adt.linkedList.RecursiveSingleLinkedListImpl.toArray(RecursiveSingleLinkedListImpl.java:83)
	at adt.linkedList.RecursiveSingleLinkedListImpl.toArray(RecursiveSingleLinkedListImpl.java:83)
	at adt.linkedList.RecursiveSingleLinkedListImpl.toArray(RecursiveSingleLinkedListImpl.java:83)
	at adt.linkedList.RecursiveSingleLinkedListImpl.toArray(RecursiveSingleLinkedListImpl.java:83)
	at adt.linkedList.RecursiveSingleLinkedListImpl.toArray(RecursiveSingleLinkedListImpl.java:83)
	at adt.linkedList.RecursiveSingleLinkedListImpl.toArray(RecursiveSingleLinkedListImpl.java:83)
	at adt.linkedList.RecursiveSingleLinkedListImpl.toArray(RecursiveSingleLinkedListImpl.java:83)
	at adt.linkedList.RecursiveSingleLinkedListImpl.toArray(RecursiveSingleLinkedListImpl.java:83)
	at adt.linkedList.RecursiveSingleLinkedListImpl.toArray(RecursiveSingleLinkedListImpl.java:83)
	at adt.linkedList.RecursiveSingleLinkedListImpl.toArray(RecursiveSingleLinkedListImpl.java:83)
	at adt.linkedList.RecursiveSingleLinkedListImpl.toArray(RecursiveSingleLinkedListImpl.java:83)
	at adt.linkedList.RecursiveSingleLinkedListImpl.toArray(RecursiveSingleLinkedListImpl.java:83)
	at adt.linkedList.RecursiveSingleLinkedListImpl.toArray(RecursiveSingleLinkedListImpl.java:83)
	at adt.linkedList.RecursiveSingleLinkedListImpl.toArray(RecursiveSingleLinkedListImpl.java:83)
	at adt.linkedList.RecursiveSingleLinkedListImpl.toArray(RecursiveSingleLinkedListImpl.java:83)
	at adt.linkedList.RecursiveSingleLinkedListImpl.toArray(RecursiveSingleLinkedListImpl.java:83)
	at adt.linkedList.RecursiveSingleLinkedListImpl.toArray(RecursiveSingleLinkedListImpl.java:83)
	at adt.linkedList.RecursiveSingleLinkedListImpl.toArray(RecursiveSingleLinkedListImpl.java:83)
	at adt.linkedList.RecursiveSingleLinkedListImpl.toArray(RecursiveSingleLinkedListImpl.java:83)
	at adt.linkedList.RecursiveSingleLinkedListImpl.toArray(RecursiveSingleLinkedListImpl.java:83)
	at adt.linkedList.RecursiveSingleLinkedListImpl.toArray(RecursiveSingleLinkedListImpl.java:83)
	at adt.linkedList.RecursiveSingleLinkedListImpl.toArray(RecursiveSingleLinkedListImpl.java:83)
	at adt.linkedList.RecursiveSingleLinkedListImpl.toArray(RecursiveSingleLinkedListImpl.java:83)
	at adt.linkedList.RecursiveSingleLinkedListImpl.toArray(RecursiveSingleLinkedListImpl.java:83)
	at adt.linkedList.RecursiveSingleLinkedListImpl.toArray(RecursiveSingleLinkedListImpl.java:83)
	at adt.linkedList.RecursiveSingleLinkedListImpl.toArray(RecursiveSingleLinkedListImpl.java:83)
	at adt.linkedList.RecursiveSingleLinkedListImpl.toArray(RecursiveSingleLinkedListImpl.java:83)
	at adt.linkedList.RecursiveSingleLinkedListImpl.toArray(RecursiveSingleLinkedListImpl.java:83)
	at adt.linkedList.RecursiveSingleLinkedListImpl.toArray(RecursiveSingleLinkedListImpl.java:83)
	at adt.linkedList.RecursiveSingleLinkedListImpl.toArray(RecursiveSingleLinkedListImpl.java:83)
	at adt.linkedList.RecursiveSingleLinkedListImpl.toArray(RecursiveSingleLinkedListImpl.java:83)
	at adt.linkedList.RecursiveSingleLinkedListImpl.toArray(RecursiveSingleLinkedListImpl.java:83)
	at adt.linkedList.RecursiveSingleLinkedListImpl.toArray(RecursiveSingleLinkedListImpl.java:83)
	at adt.linkedList.RecursiveSingleLinkedListImpl.toArray(RecursiveSingleLinkedListImpl.java:83)
	at adt.linkedList.RecursiveSingleLinkedListImpl.toArray(RecursiveSingleLinkedListImpl.java:83)
	at adt.linkedList.RecursiveSingleLinkedListImpl.toArray(RecursiveSingleLinkedListImpl.java:83)
	at adt.linkedList.RecursiveSingleLinkedListImpl.toArray(RecursiveSingleLinkedListImpl.java:83)
	at adt.linkedList.RecursiveSingleLinkedListImpl.toArray(RecursiveSingleLinkedListImpl.java:83)
	at adt.linkedList.RecursiveSingleLinkedListImpl.toArray(RecursiveSingleLinkedListImpl.java:83)
	at adt.linkedList.RecursiveSingleLinkedListImpl.toArray(RecursiveSingleLinkedListImpl.java:83)
	at adt.linkedList.RecursiveSingleLinkedListImpl.toArray(RecursiveSingleLinkedListImpl.java:83)
	at adt.linkedList.RecursiveSingleLinkedListImpl.toArray(RecursiveSingleLinkedListImpl.java:83)
	at adt.linkedList.RecursiveSingleLinkedListImpl.toArray(RecursiveSingleLinkedListImpl.java:83)
	at adt.linkedList.RecursiveSingleLinkedListImpl.toArray(RecursiveSingleLinkedListImpl.java:83)
	at adt.linkedList.RecursiveSingleLinkedListImpl.toArray(RecursiveSingleLinkedListImpl.java:83)
	at adt.linkedList.RecursiveSingleLinkedListImpl.toArray(RecursiveSingleLinkedListImpl.java:83)
	at adt.linkedList.RecursiveSingleLinkedListImpl.toArray(RecursiveSingleLinkedListImpl.java:83)
	at adt.linkedList.RecursiveSingleLinkedListImpl.toArray(RecursiveSingleLinkedListImpl.java:83)
	at adt.linkedList.RecursiveSingleLinkedListImpl.toArray(RecursiveSingleLinkedListImpl.java:83)
	at adt.linkedList.RecursiveSingleLinkedListImpl.toArray(RecursiveSingleLinkedListImpl.java:83)
	at adt.linkedList.RecursiveSingleLinkedListImpl.toArray(RecursiveSingleLinkedListImpl.java:83)
	at adt.linkedList.RecursiveSingleLinkedListImpl.toArray(RecursiveSingleLinkedListImpl.java:83)
	at adt.linkedList.RecursiveSingleLinkedListImpl.toArray(RecursiveSingleLinkedListImpl.java:83)
	at adt.linkedList.RecursiveSingleLinkedListImpl.toArray(RecursiveSingleLinkedListImpl.java:83)
	at adt.linkedList.RecursiveSingleLinkedListImpl.toArray(RecursiveSingleLinkedListImpl.java:83)
	at adt.linkedList.RecursiveSingleLinkedListImpl.toArray(RecursiveSingleLinkedListImpl.java:83)
	at adt.linkedList.RecursiveSingleLinkedListImpl.toArray(RecursiveSingleLinkedListImpl.java:83)
	at adt.linkedList.RecursiveSingleLinkedListImpl.toArray(RecursiveSingleLinkedListImpl.java:83)
	at adt.linkedList.RecursiveSingleLinkedListImpl.toArray(RecursiveSingleLinkedListImpl.java:83)
	at adt.linkedList.RecursiveSingleLinkedListImpl.toArray(RecursiveSingleLinkedListImpl.java:83)
	at adt.linkedList.RecursiveSingleLinkedListImpl.toArray(RecursiveSingleLinkedListImpl.java:83)
	at adt.linkedList.RecursiveSingleLinkedListImpl.toArray(RecursiveSingleLinkedListImpl.java:83)
	at adt.linkedList.RecursiveSingleLinkedListImpl.toArray(RecursiveSingleLinkedListImpl.java:83)
	at adt.linkedList.RecursiveSingleLinkedListImpl.toArray(RecursiveSingleLinkedListImpl.java:83)
	at adt.linkedList.RecursiveSingleLinkedListImpl.toArray(RecursiveSingleLinkedListImpl.java:83)
	at adt.linkedList.RecursiveSingleLinkedListImpl.toArray(RecursiveSingleLinkedListImpl.java:83)
	at adt.linkedList.RecursiveSingleLinkedListImpl.toArray(RecursiveSingleLinkedListImpl.java:83)
	at adt.linkedList.RecursiveSingleLinkedListImpl.toArray(RecursiveSingleLinkedListImpl.java:83)
	at adt.linkedList.RecursiveSingleLinkedListImpl.toArray(RecursiveSingleLinkedListImpl.java:83)
	at adt.linkedList.RecursiveSingleLinkedListImpl.toArray(RecursiveSingleLinkedListImpl.java:83)
	at adt.linkedList.RecursiveSingleLinkedListImpl.toArray(RecursiveSingleLinkedListImpl.java:83)
	at adt.linkedList.RecursiveSingleLinkedListImpl.toArray(RecursiveSingleLinkedListImpl.java:83)
	at adt.linkedList.RecursiveSingleLinkedListImpl.toArray(RecursiveSingleLinkedListImpl.java:83)
	at adt.linkedList.RecursiveSingleLinkedListImpl.toArray(RecursiveSingleLinkedListImpl.java:83)
	at adt.linkedList.RecursiveSingleLinkedListImpl.toArray(RecursiveSingleLinkedListImpl.java:83)
	at adt.linkedList.RecursiveSingleLinkedListImpl.toArray(RecursiveSingleLinkedListImpl.java:83)
	at adt.linkedList.RecursiveSingleLinkedListImpl.toArray(RecursiveSingleLinkedListImpl.java:83)
	at adt.linkedList.RecursiveSingleLinkedListImpl.toArray(RecursiveSingleLinkedListImpl.java:83)
	at adt.linkedList.RecursiveSingleLinkedListImpl.toArray(RecursiveSingleLinkedListImpl.java:83)
	at adt.linkedList.RecursiveSingleLinkedListImpl.toArray(RecursiveSingleLinkedListImpl.java:83)
	at adt.linkedList.RecursiveSingleLinkedListImpl.toArray(RecursiveSingleLinkedListImpl.java:83)
	at adt.linkedList.RecursiveSingleLinkedListImpl.toArray(RecursiveSingleLinkedListImpl.java:83)
	at adt.linkedList.RecursiveSingleLinkedListImpl.toArray(RecursiveSingleLinkedListImpl.java:83)
	at adt.linkedList.RecursiveSingleLinkedListImpl.toArray(RecursiveSingleLinkedListImpl.java:83)
	at adt.linkedList.RecursiveSingleLinkedListImpl.toArray(RecursiveSingleLinkedListImpl.java:83)
	at adt.linkedList.RecursiveSingleLinkedListImpl.toArray(RecursiveSingleLinkedListImpl.java:83)
	at adt.linkedList.RecursiveSingleLinkedListImpl.toArray(RecursiveSingleLinkedListImpl.java:83)
	at adt.linkedList.RecursiveSingleLinkedListImpl.toArray(RecursiveSingleLinkedListImpl.java:83)
	at adt.linkedList.RecursiveSingleLinkedListImpl.toArray(RecursiveSingleLinkedListImpl.java:83)
	at adt.linkedList.RecursiveSingleLinkedListImpl.toArray(RecursiveSingleLinkedListImpl.java:83)
	at adt.linkedList.RecursiveSingleLinkedListImpl.toArray(RecursiveSingleLinkedListImpl.java:83)
	at adt.linkedList.RecursiveSingleLinkedListImpl.toArray(RecursiveSingleLinkedListImpl.java:83)
	at adt.linkedList.RecursiveSingleLinkedListImpl.toArray(RecursiveSingleLinkedListImpl.java:83)
	at adt.linkedList.RecursiveSingleLinkedListImpl.toArray(RecursiveSingleLinkedListImpl.java:83)
	at adt.linkedList.RecursiveSingleLinkedListImpl.toArray(RecursiveSingleLinkedListImpl.java:83)
	at adt.linkedList.RecursiveSingleLinkedListImpl.toArray(RecursiveSingleLinkedListImpl.java:83)
	at adt.linkedList.RecursiveSingleLinkedListImpl.toArray(RecursiveSingleLinkedListImpl.java:83)
	at adt.linkedList.RecursiveSingleLinkedListImpl.toArray(RecursiveSingleLinkedListImpl.java:83)
	at adt.linkedList.RecursiveSingleLinkedListImpl.toArray(RecursiveSingleLinkedListImpl.java:83)
	at adt.linkedList.RecursiveSingleLinkedListImpl.toArray(RecursiveSingleLinkedListImpl.java:83)
	at adt.linkedList.RecursiveSingleLinkedListImpl.toArray(RecursiveSingleLinkedListImpl.java:83)
	at adt.linkedList.RecursiveSingleLinkedListImpl.toArray(RecursiveSingleLinkedListImpl.java:83)
	at adt.linkedList.RecursiveSingleLinkedListImpl.toArray(RecursiveSingleLinkedListImpl.java:83)
	at adt.linkedList.RecursiveSingleLinkedListImpl.toArray(RecursiveSingleLinkedListImpl.java:83)
	at adt.linkedList.RecursiveSingleLinkedListImpl.toArray(RecursiveSingleLinkedListImpl.java:83)
	at adt.linkedList.RecursiveSingleLinkedListImpl.toArray(RecursiveSingleLinkedListImpl.java:83)
	at adt.linkedList.RecursiveSingleLinkedListImpl.toArray(RecursiveSingleLinkedListImpl.java:83)
	at adt.linkedList.RecursiveSingleLinkedListImpl.toArray(RecursiveSingleLinkedListImpl.java:83)
	at adt.linkedList.RecursiveSingleLinkedListImpl.toArray(RecursiveSingleLinkedListImpl.java:83)
	at adt.linkedList.RecursiveSingleLinkedListImpl.toArray(RecursiveSingleLinkedListImpl.java:83)
	at adt.linkedList.RecursiveSingleLinkedListImpl.toArray(RecursiveSingleLinkedListImpl.java:83)
	at adt.linkedList.RecursiveSingleLinkedListImpl.toArray(RecursiveSingleLinkedListImpl.java:83)
	at adt.linkedList.RecursiveSingleLinkedListImpl.toArray(RecursiveSingleLinkedListImpl.java:83)
	at adt.linkedList.RecursiveSingleLinkedListImpl.toArray(RecursiveSingleLinkedListImpl.java:83)
	at adt.linkedList.RecursiveSingleLinkedListImpl.toArray(RecursiveSingleLinkedListImpl.java:83)
	at adt.linkedList.RecursiveSingleLinkedListImpl.toArray(RecursiveSingleLinkedListImpl.java:83)
	at adt.linkedList.RecursiveSingleLinkedListImpl.toArray(RecursiveSingleLinkedListImpl.java:83)
	at adt.linkedList.RecursiveSingleLinkedListImpl.toArray(RecursiveSingleLinkedListImpl.java:83)
	at adt.linkedList.RecursiveSingleLinkedListImpl.toArray(RecursiveSingleLinkedListImpl.java:83)
	at adt.linkedList.RecursiveSingleLinkedListImpl.toArray(RecursiveSingleLinkedListImpl.java:83)
	at adt.linkedList.RecursiveSingleLinkedListImpl.toArray(RecursiveSingleLinkedListImpl.java:83)
	at adt.linkedList.RecursiveSingleLinkedListImpl.toArray(RecursiveSingleLinkedListImpl.java:83)
	at adt.linkedList.RecursiveSingleLinkedListImpl.toArray(RecursiveSingleLinkedListImpl.java:83)
	at adt.linkedList.RecursiveSingleLinkedListImpl.toArray(RecursiveSingleLinkedListImpl.java:83)
	at adt.linkedList.RecursiveSingleLinkedListImpl.toArray(RecursiveSingleLinkedListImpl.java:83)
	at adt.linkedList.RecursiveSingleLinkedListImpl.toArray(RecursiveSingleLinkedListImpl.java:83)
	at adt.linkedList.RecursiveSingleLinkedListImpl.toArray(RecursiveSingleLinkedListImpl.java:83)
	at adt.linkedList.RecursiveSingleLinkedListImpl.toArray(RecursiveSingleLinkedListImpl.java:83)
	at adt.linkedList.RecursiveSingleLinkedListImpl.toArray(RecursiveSingleLinkedListImpl.java:83)
	at adt.linkedList.RecursiveSingleLinkedListImpl.toArray(RecursiveSingleLinkedListImpl.java:83)
	at adt.linkedList.RecursiveSingleLinkedListImpl.toArray(RecursiveSingleLinkedListImpl.java:83)
	at adt.linkedList.RecursiveSingleLinkedListImpl.toArray(RecursiveSingleLinkedListImpl.java:83)
	at adt.linkedList.RecursiveSingleLinkedListImpl.toArray(RecursiveSingleLinkedListImpl.java:83)
	at adt.linkedList.RecursiveSingleLinkedListImpl.toArray(RecursiveSingleLinkedListImpl.java:83)
	at adt.linkedList.RecursiveSingleLinkedListImpl.toArray(RecursiveSingleLinkedListImpl.java:83)
	at adt.linkedList.RecursiveSingleLinkedListImpl.toArray(RecursiveSingleLinkedListImpl.java:83)
	at adt.linkedList.RecursiveSingleLinkedListImpl.toArray(RecursiveSingleLinkedListImpl.java:83)
	at adt.linkedList.RecursiveSingleLinkedListImpl.toArray(RecursiveSingleLinkedListImpl.java:83)
	at adt.linkedList.RecursiveSingleLinkedListImpl.toArray(RecursiveSingleLinkedListImpl.java:83)
	at adt.linkedList.RecursiveSingleLinkedListImpl.toArray(RecursiveSingleLinkedListImpl.java:83)
	at adt.linkedList.RecursiveSingleLinkedListImpl.toArray(RecursiveSingleLinkedListImpl.java:83)
	at adt.linkedList.RecursiveSingleLinkedListImpl.toArray(RecursiveSingleLinkedListImpl.java:83)
	at adt.linkedList.RecursiveSingleLinkedListImpl.toArray(RecursiveSingleLinkedListImpl.java:83)
	at adt.linkedList.RecursiveSingleLinkedListImpl.toArray(RecursiveSingleLinkedListImpl.java:83)
	at adt.linkedList.RecursiveSingleLinkedListImpl.toArray(RecursiveSingleLinkedListImpl.java:83)
	at adt.linkedList.RecursiveSingleLinkedListImpl.toArray(RecursiveSingleLinkedListImpl.java:83)
	at adt.linkedList.RecursiveSingleLinkedListImpl.toArray(RecursiveSingleLinkedListImpl.java:83)
	at adt.linkedList.RecursiveSingleLinkedListImpl.toArray(RecursiveSingleLinkedListImpl.java:83)
	at adt.linkedList.RecursiveSingleLinkedListImpl.toArray(RecursiveSingleLinkedListImpl.java:83)
	at adt.linkedList.RecursiveSingleLinkedListImpl.toArray(RecursiveSingleLinkedListImpl.java:83)
	at adt.linkedList.RecursiveSingleLinkedListImpl.toArray(RecursiveSingleLinkedListImpl.java:83)
	at adt.linkedList.RecursiveSingleLinkedListImpl.toArray(RecursiveSingleLinkedListImpl.java:83)
	at adt.linkedList.RecursiveSingleLinkedListImpl.toArray(RecursiveSingleLinkedListImpl.java:83)
	at adt.linkedList.RecursiveSingleLinkedListImpl.toArray(RecursiveSingleLinkedListImpl.java:83)
	at adt.linkedList.RecursiveSingleLinkedListImpl.toArray(RecursiveSingleLinkedListImpl.java:83)
	at adt.linkedList.RecursiveSingleLinkedListImpl.toArray(RecursiveSingleLinkedListImpl.java:83)
	at adt.linkedList.RecursiveSingleLinkedListImpl.toArray(RecursiveSingleLinkedListImpl.java:83)
	at adt.linkedList.RecursiveSingleLinkedListImpl.toArray(RecursiveSingleLinkedListImpl.java:83)
	at adt.linkedList.RecursiveSingleLinkedListImpl.toArray(RecursiveSingleLinkedListImpl.java:83)
	at adt.linkedList.RecursiveSingleLinkedListImpl.toArray(RecursiveSingleLinkedListImpl.java:83)
	at adt.linkedList.RecursiveSingleLinkedListImpl.toArray(RecursiveSingleLinkedListImpl.java:83)
	at adt.linkedList.RecursiveSingleLinkedListImpl.toArray(RecursiveSingleLinkedListImpl.java:83)
	at adt.linkedList.RecursiveSingleLinkedListImpl.toArray(RecursiveSingleLinkedListImpl.java:83)
	at adt.linkedList.RecursiveSingleLinkedListImpl.toArray(RecursiveSingleLinkedListImpl.java:83)
	at adt.linkedList.RecursiveSingleLinkedListImpl.toArray(RecursiveSingleLinkedListImpl.java:83)
	at adt.linkedList.RecursiveSingleLinkedListImpl.toArray(RecursiveSingleLinkedListImpl.java:83)
	at adt.linkedList.RecursiveSingleLinkedListImpl.toArray(RecursiveSingleLinkedListImpl.java:83)
	at adt.linkedList.RecursiveSingleLinkedListImpl.toArray(RecursiveSingleLinkedListImpl.java:83)
	at adt.linkedList.RecursiveSingleLinkedListImpl.toArray(RecursiveSingleLinkedListImpl.java:83)
	at adt.linkedList.RecursiveSingleLinkedListImpl.toArray(RecursiveSingleLinkedListImpl.java:83)
	at adt.linkedList.RecursiveSingleLinkedListImpl.toArray(RecursiveSingleLinkedListImpl.java:83)
	at adt.linkedList.RecursiveSingleLinkedListImpl.toArray(RecursiveSingleLinkedListImpl.java:83)
	at adt.linkedList.RecursiveSingleLinkedListImpl.toArray(RecursiveSingleLinkedListImpl.java:83)
	at adt.linkedList.RecursiveSingleLinkedListImpl.toArray(RecursiveSingleLinkedListImpl.java:83)
	at adt.linkedList.RecursiveSingleLinkedListImpl.toArray(RecursiveSingleLinkedListImpl.java:83)
	at adt.linkedList.RecursiveSingleLinkedListImpl.toArray(RecursiveSingleLinkedListImpl.java:83)
	at adt.linkedList.RecursiveSingleLinkedListImpl.toArray(RecursiveSingleLinkedListImpl.java:83)
	at adt.linkedList.RecursiveSingleLinkedListImpl.toArray(RecursiveSingleLinkedListImpl.java:83)
	at adt.linkedList.RecursiveSingleLinkedListImpl.toArray(RecursiveSingleLinkedListImpl.java:83)
	at adt.linkedList.RecursiveSingleLinkedListImpl.toArray(RecursiveSingleLinkedListImpl.java:83)
	at adt.linkedList.RecursiveSingleLinkedListImpl.toArray(RecursiveSingleLinkedListImpl.java:83)
	at adt.linkedList.RecursiveSingleLinkedListImpl.toArray(RecursiveSingleLinkedListImpl.java:83)
	at adt.linkedList.RecursiveSingleLinkedListImpl.toArray(RecursiveSingleLinkedListImpl.java:83)
	at adt.linkedList.RecursiveSingleLinkedListImpl.toArray(RecursiveSingleLinkedListImpl.java:83)
	at adt.linkedList.RecursiveSingleLinkedListImpl.toArray(RecursiveSingleLinkedListImpl.java:83)
	at adt.linkedList.RecursiveSingleLinkedListImpl.toArray(RecursiveSingleLinkedListImpl.java:83)
	at adt.linkedList.RecursiveSingleLinkedListImpl.toArray(RecursiveSingleLinkedListImpl.java:83)
	at adt.linkedList.RecursiveSingleLinkedListImpl.toArray(RecursiveSingleLinkedListImpl.java:83)
	at adt.linkedList.RecursiveSingleLinkedListImpl.toArray(RecursiveSingleLinkedListImpl.java:83)
	at adt.linkedList.RecursiveSingleLinkedListImpl.toArray(RecursiveSingleLinkedListImpl.java:83)
	at adt.linkedList.RecursiveSingleLinkedListImpl.toArray(RecursiveSingleLinkedListImpl.java:83)
	at adt.linkedList.RecursiveSingleLinkedListImpl.toArray(RecursiveSingleLinkedListImpl.java:83)
	at adt.linkedList.RecursiveSingleLinkedListImpl.toArray(RecursiveSingleLinkedListImpl.java:83)
	at adt.linkedList.RecursiveSingleLinkedListImpl.toArray(RecursiveSingleLinkedListImpl.java:83)
	at adt.linkedList.RecursiveSingleLinkedListImpl.toArray(RecursiveSingleLinkedListImpl.java:83)
	at adt.linkedList.RecursiveSingleLinkedListImpl.toArray(RecursiveSingleLinkedListImpl.java:83)
	at adt.linkedList.RecursiveSingleLinkedListImpl.toArray(RecursiveSingleLinkedListImpl.java:83)
	at adt.linkedList.RecursiveSingleLinkedListImpl.toArray(RecursiveSingleLinkedListImpl.java:83)
	at adt.linkedList.RecursiveSingleLinkedListImpl.toArray(RecursiveSingleLinkedListImpl.java:83)
	at adt.linkedList.RecursiveSingleLinkedListImpl.toArray(RecursiveSingleLinkedListImpl.java:83)
	at adt.linkedList.RecursiveSingleLinkedListImpl.toArray(RecursiveSingleLinkedListImpl.java:83)
	at adt.linkedList.RecursiveSingleLinkedListImpl.toArray(RecursiveSingleLinkedListImpl.java:83)
	at adt.linkedList.RecursiveSingleLinkedListImpl.toArray(RecursiveSingleLinkedListImpl.java:83)
	at adt.linkedList.RecursiveSingleLinkedListImpl.toArray(RecursiveSingleLinkedListImpl.java:83)
	at adt.linkedList.RecursiveSingleLinkedListImpl.toArray(RecursiveSingleLinkedListImpl.java:83)
	at adt.linkedList.RecursiveSingleLinkedListImpl.toArray(RecursiveSingleLinkedListImpl.java:83)
	at adt.linkedList.RecursiveSingleLinkedListImpl.toArray(RecursiveSingleLinkedListImpl.java:83)
	at adt.linkedList.RecursiveSingleLinkedListImpl.toArray(RecursiveSingleLinkedListImpl.java:83)
	at adt.linkedList.RecursiveSingleLinkedListImpl.toArray(RecursiveSingleLinkedListImpl.java:83)
	at adt.linkedList.RecursiveSingleLinkedListImpl.toArray(RecursiveSingleLinkedListImpl.java:83)
	at adt.linkedList.RecursiveSingleLinkedListImpl.toArray(RecursiveSingleLinkedListImpl.java:83)
	at adt.linkedList.RecursiveSingleLinkedListImpl.toArray(RecursiveSingleLinkedListImpl.java:83)
	at adt.linkedList.RecursiveSingleLinkedListImpl.toArray(RecursiveSingleLinkedListImpl.java:83)
	at adt.linkedList.RecursiveSingleLinkedListImpl.toArray(RecursiveSingleLinkedListImpl.java:83)
	at adt.linkedList.RecursiveSingleLinkedListImpl.toArray(RecursiveSingleLinkedListImpl.java:83)
	at adt.linkedList.RecursiveSingleLinkedListImpl.toArray(RecursiveSingleLinkedListImpl.java:83)
	at adt.linkedList.RecursiveSingleLinkedListImpl.toArray(RecursiveSingleLinkedListImpl.java:83)
	at adt.linkedList.RecursiveSingleLinkedListImpl.toArray(RecursiveSingleLinkedListImpl.java:83)
	at adt.linkedList.RecursiveSingleLinkedListImpl.toArray(RecursiveSingleLinkedListImpl.java:83)
	at adt.linkedList.RecursiveSingleLinkedListImpl.toArray(RecursiveSingleLinkedListImpl.java:83)
	at adt.linkedList.RecursiveSingleLinkedListImpl.toArray(RecursiveSingleLinkedListImpl.java:83)
	at adt.linkedList.RecursiveSingleLinkedListImpl.toArray(RecursiveSingleLinkedListImpl.java:83)
	at adt.linkedList.RecursiveSingleLinkedListImpl.toArray(RecursiveSingleLinkedListImpl.java:83)
	at adt.linkedList.RecursiveSingleLinkedListImpl.toArray(RecursiveSingleLinkedListImpl.java:83)
	at adt.linkedList.RecursiveSingleLinkedListImpl.toArray(RecursiveSingleLinkedListImpl.java:83)
	at adt.linkedList.RecursiveSingleLinkedListImpl.toArray(RecursiveSingleLinkedListImpl.java:83)
	at adt.linkedList.RecursiveSingleLinkedListImpl.toArray(RecursiveSingleLinkedListImpl.java:83)
	at adt.linkedList.RecursiveSingleLinkedListImpl.toArray(RecursiveSingleLinkedListImpl.java:83)
	at adt.linkedList.RecursiveSingleLinkedListImpl.toArray(RecursiveSingleLinkedListImpl.java:83)
	at adt.linkedList.RecursiveSingleLinkedListImpl.toArray(RecursiveSingleLinkedListImpl.java:83)
	at adt.linkedList.RecursiveSingleLinkedListImpl.toArray(RecursiveSingleLinkedListImpl.java:83)
	at adt.linkedList.RecursiveSingleLinkedListImpl.toArray(RecursiveSingleLinkedListImpl.java:83)
	at adt.linkedList.RecursiveSingleLinkedListImpl.toArray(RecursiveSingleLinkedListImpl.java:83)
	at adt.linkedList.RecursiveSingleLinkedListImpl.toArray(RecursiveSingleLinkedListImpl.java:83)
	at adt.linkedList.RecursiveSingleLinkedListImpl.toArray(RecursiveSingleLinkedListImpl.java:83)
	at adt.linkedList.RecursiveSingleLinkedListImpl.toArray(RecursiveSingleLinkedListImpl.java:83)
	at adt.linkedList.RecursiveSingleLinkedListImpl.toArray(RecursiveSingleLinkedListImpl.java:83)
	at adt.linkedList.RecursiveSingleLinkedListImpl.toArray(RecursiveSingleLinkedListImpl.java:83)
	at adt.linkedList.RecursiveSingleLinkedListImpl.toArray(RecursiveSingleLinkedListImpl.java:83)
	at adt.linkedList.RecursiveSingleLinkedListImpl.toArray(RecursiveSingleLinkedListImpl.java:83)
	at adt.linkedList.RecursiveSingleLinkedListImpl.toArray(RecursiveSingleLinkedListImpl.java:83)
	at adt.linkedList.RecursiveSingleLinkedListImpl.toArray(RecursiveSingleLinkedListImpl.java:83)
	at adt.linkedList.RecursiveSingleLinkedListImpl.toArray(RecursiveSingleLinkedListImpl.java:83)
	at adt.linkedList.RecursiveSingleLinkedListImpl.toArray(RecursiveSingleLinkedListImpl.java:83)
	at adt.linkedList.RecursiveSingleLinkedListImpl.toArray(RecursiveSingleLinkedListImpl.java:83)
	at adt.linkedList.RecursiveSingleLinkedListImpl.toArray(RecursiveSingleLinkedListImpl.java:83)
	at adt.linkedList.RecursiveSingleLinkedListImpl.toArray(RecursiveSingleLinkedListImpl.java:83)
	at adt.linkedList.RecursiveSingleLinkedListImpl.toArray(RecursiveSingleLinkedListImpl.java:83)
	at adt.linkedList.RecursiveSingleLinkedListImpl.toArray(RecursiveSingleLinkedListImpl.java:83)
	at adt.linkedList.RecursiveSingleLinkedListImpl.toArray(RecursiveSingleLinkedListImpl.java:83)
	at adt.linkedList.RecursiveSingleLinkedListImpl.toArray(RecursiveSingleLinkedListImpl.java:83)
	at adt.linkedList.RecursiveSingleLinkedListImpl.toArray(RecursiveSingleLinkedListImpl.java:83)
	at adt.linkedList.RecursiveSingleLinkedListImpl.toArray(RecursiveSingleLinkedListImpl.java:83)
	at adt.linkedList.RecursiveSingleLinkedListImpl.toArray(RecursiveSingleLinkedListImpl.java:83)
	at adt.linkedList.RecursiveSingleLinkedListImpl.toArray(RecursiveSingleLinkedListImpl.java:83)
	at adt.linkedList.RecursiveSingleLinkedListImpl.toArray(RecursiveSingleLinkedListImpl.java:83)
	at adt.linkedList.RecursiveSingleLinkedListImpl.toArray(RecursiveSingleLinkedListImpl.java:83)
	at adt.linkedList.RecursiveSingleLinkedListImpl.toArray(RecursiveSingleLinkedListImpl.java:83)
	at adt.linkedList.RecursiveSingleLinkedListImpl.toArray(RecursiveSingleLinkedListImpl.java:83)
	at adt.linkedList.RecursiveSingleLinkedListImpl.toArray(RecursiveSingleLinkedListImpl.java:83)
	at adt.linkedList.RecursiveSingleLinkedListImpl.toArray(RecursiveSingleLinkedListImpl.java:83)
	at adt.linkedList.RecursiveSingleLinkedListImpl.toArray(RecursiveSingleLinkedListImpl.java:83)
	at adt.linkedList.RecursiveSingleLinkedListImpl.toArray(RecursiveSingleLinkedListImpl.java:83)
	at adt.linkedList.RecursiveSingleLinkedListImpl.toArray(RecursiveSingleLinkedListImpl.java:83)
	at adt.linkedList.RecursiveSingleLinkedListImpl.toArray(RecursiveSingleLinkedListImpl.java:83)
	at adt.linkedList.RecursiveSingleLinkedListImpl.toArray(RecursiveSingleLinkedListImpl.java:83)
	at adt.linkedList.RecursiveSingleLinkedListImpl.toArray(RecursiveSingleLinkedListImpl.java:83)
	at adt.linkedList.RecursiveSingleLinkedListImpl.toArray(RecursiveSingleLinkedListImpl.java:83)
	at adt.linkedList.RecursiveSingleLinkedListImpl.toArray(RecursiveSingleLinkedListImpl.java:83)
	at adt.linkedList.RecursiveSingleLinkedListImpl.toArray(RecursiveSingleLinkedListImpl.java:83)
	at adt.linkedList.RecursiveSingleLinkedListImpl.toArray(RecursiveSingleLinkedListImpl.java:83)
	at adt.linkedList.RecursiveSingleLinkedListImpl.toArray(RecursiveSingleLinkedListImpl.java:83)
	at adt.linkedList.RecursiveSingleLinkedListImpl.toArray(RecursiveSingleLinkedListImpl.java:83)
	at adt.linkedList.RecursiveSingleLinkedListImpl.toArray(RecursiveSingleLinkedListImpl.java:83)
	at adt.linkedList.RecursiveSingleLinkedListImpl.toArray(RecursiveSingleLinkedListImpl.java:83)
	at adt.linkedList.RecursiveSingleLinkedListImpl.toArray(RecursiveSingleLinkedListImpl.java:83)
	at adt.linkedList.RecursiveSingleLinkedListImpl.toArray(RecursiveSingleLinkedListImpl.java:83)
	at adt.linkedList.RecursiveSingleLinkedListImpl.toArray(RecursiveSingleLinkedListImpl.java:83)
	at adt.linkedList.RecursiveSingleLinkedListImpl.toArray(RecursiveSingleLinkedListImpl.java:83)
	at adt.linkedList.RecursiveSingleLinkedListImpl.toArray(RecursiveSingleLinkedListImpl.java:83)
	at adt.linkedList.RecursiveSingleLinkedListImpl.toArray(RecursiveSingleLinkedListImpl.java:83)
	at adt.linkedList.RecursiveSingleLinkedListImpl.toArray(RecursiveSingleLinkedListImpl.java:83)
	at adt.linkedList.RecursiveSingleLinkedListImpl.toArray(RecursiveSingleLinkedListImpl.java:83)
	at adt.linkedList.RecursiveSingleLinkedListImpl.toArray(RecursiveSingleLinkedListImpl.java:83)
	at adt.linkedList.RecursiveSingleLinkedListImpl.toArray(RecursiveSingleLinkedListImpl.java:83)
	at adt.linkedList.RecursiveSingleLinkedListImpl.toArray(RecursiveSingleLinkedListImpl.java:83)
	at adt.linkedList.RecursiveSingleLinkedListImpl.toArray(RecursiveSingleLinkedListImpl.java:83)
	at adt.linkedList.RecursiveSingleLinkedListImpl.toArray(RecursiveSingleLinkedListImpl.java:83)
	at adt.linkedList.RecursiveSingleLinkedListImpl.toArray(RecursiveSingleLinkedListImpl.java:83)
	at adt.linkedList.RecursiveSingleLinkedListImpl.toArray(RecursiveSingleLinkedListImpl.java:83)
	at adt.linkedList.RecursiveSingleLinkedListImpl.toArray(RecursiveSingleLinkedListImpl.java:83)
	at adt.linkedList.RecursiveSingleLinkedListImpl.toArray(RecursiveSingleLinkedListImpl.java:83)
	at adt.linkedList.RecursiveSingleLinkedListImpl.toArray(RecursiveSingleLinkedListImpl.java:83)
	at adt.linkedList.RecursiveSingleLinkedListImpl.toArray(RecursiveSingleLinkedListImpl.java:83)
	at adt.linkedList.RecursiveSingleLinkedListImpl.toArray(RecursiveSingleLinkedListImpl.java:83)
	at adt.linkedList.RecursiveSingleLinkedListImpl.toArray(RecursiveSingleLinkedListImpl.java:83)
	at adt.linkedList.RecursiveSingleLinkedListImpl.toArray(RecursiveSingleLinkedListImpl.java:83)
	at adt.linkedList.RecursiveSingleLinkedListImpl.toArray(RecursiveSingleLinkedListImpl.java:83)
	at adt.linkedList.RecursiveSingleLinkedListImpl.toArray(RecursiveSingleLinkedListImpl.java:83)
	at adt.linkedList.RecursiveSingleLinkedListImpl.toArray(RecursiveSingleLinkedListImpl.java:83)
	at adt.linkedList.RecursiveSingleLinkedListImpl.toArray(RecursiveSingleLinkedListImpl.java:83)
	at adt.linkedList.RecursiveSingleLinkedListImpl.toArray(RecursiveSingleLinkedListImpl.java:83)
	at adt.linkedList.RecursiveSingleLinkedListImpl.toArray(RecursiveSingleLinkedListImpl.java:83)
	at adt.linkedList.RecursiveSingleLinkedListImpl.toArray(RecursiveSingleLinkedListImpl.java:83)
	at adt.linkedList.RecursiveSingleLinkedListImpl.toArray(RecursiveSingleLinkedListImpl.java:83)
	at adt.linkedList.RecursiveSingleLinkedListImpl.toArray(RecursiveSingleLinkedListImpl.java:83)
	at adt.linkedList.RecursiveSingleLinkedListImpl.toArray(RecursiveSingleLinkedListImpl.java:83)
	at adt.linkedList.RecursiveSingleLinkedListImpl.toArray(RecursiveSingleLinkedListImpl.java:83)
	at adt.linkedList.RecursiveSingleLinkedListImpl.toArray(RecursiveSingleLinkedListImpl.java:83)
	at adt.linkedList.RecursiveSingleLinkedListImpl.toArray(RecursiveSingleLinkedListImpl.java:83)
	at adt.linkedList.RecursiveSingleLinkedListImpl.toArray(RecursiveSingleLinkedListImpl.java:83)
	at adt.linkedList.RecursiveSingleLinkedListImpl.toArray(RecursiveSingleLinkedListImpl.java:83)
	at adt.linkedList.RecursiveSingleLinkedListImpl.toArray(RecursiveSingleLinkedListImpl.java:83)
	at adt.linkedList.RecursiveSingleLinkedListImpl.toArray(RecursiveSingleLinkedListImpl.java:83)
	at adt.linkedList.RecursiveSingleLinkedListImpl.toArray(RecursiveSingleLinkedListImpl.java:83)
	at adt.linkedList.RecursiveSingleLinkedListImpl.toArray(RecursiveSingleLinkedListImpl.java:83)
	at adt.linkedList.RecursiveSingleLinkedListImpl.toArray(RecursiveSingleLinkedListImpl.java:83)
	at adt.linkedList.RecursiveSingleLinkedListImpl.toArray(RecursiveSingleLinkedListImpl.java:83)
	at adt.linkedList.RecursiveSingleLinkedListImpl.toArray(RecursiveSingleLinkedListImpl.java:83)
	at adt.linkedList.RecursiveSingleLinkedListImpl.toArray(RecursiveSingleLinkedListImpl.java:83)
	at adt.linkedList.RecursiveSingleLinkedListImpl.toArray(RecursiveSingleLinkedListImpl.java:83)
	at adt.linkedList.RecursiveSingleLinkedListImpl.toArray(RecursiveSingleLinkedListImpl.java:83)
	at adt.linkedList.RecursiveSingleLinkedListImpl.toArray(RecursiveSingleLinkedListImpl.java:83)
	at adt.linkedList.RecursiveSingleLinkedListImpl.toArray(RecursiveSingleLinkedListImpl.java:83)
	at adt.linkedList.RecursiveSingleLinkedListImpl.toArray(RecursiveSingleLinkedListImpl.java:83)
	at adt.linkedList.RecursiveSingleLinkedListImpl.toArray(RecursiveSingleLinkedListImpl.java:83)
	at adt.linkedList.RecursiveSingleLinkedListImpl.toArray(RecursiveSingleLinkedListImpl.java:83)
	at adt.linkedList.RecursiveSingleLinkedListImpl.toArray(RecursiveSingleLinkedListImpl.java:83)
	at adt.linkedList.RecursiveSingleLinkedListImpl.toArray(RecursiveSingleLinkedListImpl.java:83)
	at adt.linkedList.RecursiveSingleLinkedListImpl.toArray(RecursiveSingleLinkedListImpl.java:83)
	at adt.linkedList.RecursiveSingleLinkedListImpl.toArray(RecursiveSingleLinkedListImpl.java:83)
	at adt.linkedList.RecursiveSingleLinkedListImpl.toArray(RecursiveSingleLinkedListImpl.java:83)
	at adt.linkedList.RecursiveSingleLinkedListImpl.toArray(RecursiveSingleLinkedListImpl.java:83)
	at adt.linkedList.RecursiveSingleLinkedListImpl.toArray(RecursiveSingleLinkedListImpl.java:83)
	at adt.linkedList.RecursiveSingleLinkedListImpl.toArray(RecursiveSingleLinkedListImpl.java:83)
	at adt.linkedList.RecursiveSingleLinkedListImpl.toArray(RecursiveSingleLinkedListImpl.java:83)
	at adt.linkedList.RecursiveSingleLinkedListImpl.toArray(RecursiveSingleLinkedListImpl.java:83)
	at adt.linkedList.RecursiveSingleLinkedListImpl.toArray(RecursiveSingleLinkedListImpl.java:83)
	at adt.linkedList.RecursiveSingleLinkedListImpl.toArray(RecursiveSingleLinkedListImpl.java:83)
	at adt.linkedList.RecursiveSingleLinkedListImpl.toArray(RecursiveSingleLinkedListImpl.java:83)
	at adt.linkedList.RecursiveSingleLinkedListImpl.toArray(RecursiveSingleLinkedListImpl.java:83)
	at adt.linkedList.RecursiveSingleLinkedListImpl.toArray(RecursiveSingleLinkedListImpl.java:83)
	at adt.linkedList.RecursiveSingleLinkedListImpl.toArray(RecursiveSingleLinkedListImpl.java:83)
	at adt.linkedList.RecursiveSingleLinkedListImpl.toArray(RecursiveSingleLinkedListImpl.java:83)
	at adt.linkedList.RecursiveSingleLinkedListImpl.toArray(RecursiveSingleLinkedListImpl.java:83)
	at adt.linkedList.RecursiveSingleLinkedListImpl.toArray(RecursiveSingleLinkedListImpl.java:83)
	at adt.linkedList.RecursiveSingleLinkedListImpl.toArray(RecursiveSingleLinkedListImpl.java:83)
	at adt.linkedList.RecursiveSingleLinkedListImpl.toArray(RecursiveSingleLinkedListImpl.java:83)
	at adt.linkedList.RecursiveSingleLinkedListImpl.toArray(RecursiveSingleLinkedListImpl.java:83)
	at adt.linkedList.RecursiveSingleLinkedListImpl.toArray(RecursiveSingleLinkedListImpl.java:83)
	at adt.linkedList.RecursiveSingleLinkedListImpl.toArray(RecursiveSingleLinkedListImpl.java:83)
	at adt.linkedList.RecursiveSingleLinkedListImpl.toArray(RecursiveSingleLinkedListImpl.java:83)
	at adt.linkedList.RecursiveSingleLinkedListImpl.toArray(RecursiveSingleLinkedListImpl.java:83)
	at adt.linkedList.RecursiveSingleLinkedListImpl.toArray(RecursiveSingleLinkedListImpl.java:83)
	at adt.linkedList.RecursiveSingleLinkedListImpl.toArray(RecursiveSingleLinkedListImpl.java:83)
	at adt.linkedList.RecursiveSingleLinkedListImpl.toArray(RecursiveSingleLinkedListImpl.java:83)
	at adt.linkedList.RecursiveSingleLinkedListImpl.toArray(RecursiveSingleLinkedListImpl.java:83)
	at adt.linkedList.RecursiveSingleLinkedListImpl.toArray(RecursiveSingleLinkedListImpl.java:83)
	at adt.linkedList.RecursiveSingleLinkedListImpl.toArray(RecursiveSingleLinkedListImpl.java:83)
	at adt.linkedList.RecursiveSingleLinkedListImpl.toArray(RecursiveSingleLinkedListImpl.java:83)
	at adt.linkedList.RecursiveSingleLinkedListImpl.toArray(RecursiveSingleLinkedListImpl.java:83)
	at adt.linkedList.RecursiveSingleLinkedListImpl.toArray(RecursiveSingleLinkedListImpl.java:83)
	at adt.linkedList.RecursiveSingleLinkedListImpl.toArray(RecursiveSingleLinkedListImpl.java:83)
	at adt.linkedList.RecursiveSingleLinkedListImpl.toArray(RecursiveSingleLinkedListImpl.java:83)
	at adt.linkedList.RecursiveSingleLinkedListImpl.toArray(RecursiveSingleLinkedListImpl.java:83)
	at adt.linkedList.RecursiveSingleLinkedListImpl.toArray(RecursiveSingleLinkedListImpl.java:83)
	at adt.linkedList.RecursiveSingleLinkedListImpl.toArray(RecursiveSingleLinkedListImpl.java:83)
	at adt.linkedList.RecursiveSingleLinkedListImpl.toArray(RecursiveSingleLinkedListImpl.java:83)
	at adt.linkedList.RecursiveSingleLinkedListImpl.toArray(RecursiveSingleLinkedListImpl.java:83)
	at adt.linkedList.RecursiveSingleLinkedListImpl.toArray(RecursiveSingleLinkedListImpl.java:83)
	at adt.linkedList.RecursiveSingleLinkedListImpl.toArray(RecursiveSingleLinkedListImpl.java:83)
	at adt.linkedList.RecursiveSingleLinkedListImpl.toArray(RecursiveSingleLinkedListImpl.java:83)
	at adt.linkedList.RecursiveSingleLinkedListImpl.toArray(RecursiveSingleLinkedListImpl.java:83)
	at adt.linkedList.RecursiveSingleLinkedListImpl.toArray(RecursiveSingleLinkedListImpl.java:83)
	at adt.linkedList.RecursiveSingleLinkedListImpl.toArray(RecursiveSingleLinkedListImpl.java:83)
	at adt.linkedList.RecursiveSingleLinkedListImpl.toArray(RecursiveSingleLinkedListImpl.java:83)
	at adt.linkedList.RecursiveSingleLinkedListImpl.toArray(RecursiveSingleLinkedListImpl.java:83)
	at adt.linkedList.RecursiveSingleLinkedListImpl.toArray(RecursiveSingleLinkedListImpl.java:83)
	at adt.linkedList.RecursiveSingleLinkedListImpl.toArray(RecursiveSingleLinkedListImpl.java:83)
	at adt.linkedList.RecursiveSingleLinkedListImpl.toArray(RecursiveSingleLinkedListImpl.java:83)
	at adt.linkedList.RecursiveSingleLinkedListImpl.toArray(RecursiveSingleLinkedListImpl.java:83)
	at adt.linkedList.RecursiveSingleLinkedListImpl.toArray(RecursiveSingleLinkedListImpl.java:83)
	at adt.linkedList.RecursiveSingleLinkedListImpl.toArray(RecursiveSingleLinkedListImpl.java:83)
	at adt.linkedList.RecursiveSingleLinkedListImpl.toArray(RecursiveSingleLinkedListImpl.java:83)
	at adt.linkedList.RecursiveSingleLinkedListImpl.toArray(RecursiveSingleLinkedListImpl.java:83)
	at adt.linkedList.RecursiveSingleLinkedListImpl.toArray(RecursiveSingleLinkedListImpl.java:83)
	at adt.linkedList.RecursiveSingleLinkedListImpl.toArray(RecursiveSingleLinkedListImpl.java:83)
	at adt.linkedList.RecursiveSingleLinkedListImpl.toArray(RecursiveSingleLinkedListImpl.java:83)
	at adt.linkedList.RecursiveSingleLinkedListImpl.toArray(RecursiveSingleLinkedListImpl.java:83)
	at adt.linkedList.RecursiveSingleLinkedListImpl.toArray(RecursiveSingleLinkedListImpl.java:83)
	at adt.linkedList.RecursiveSingleLinkedListImpl.toArray(RecursiveSingleLinkedListImpl.java:83)
	at adt.linkedList.RecursiveSingleLinkedListImpl.toArray(RecursiveSingleLinkedListImpl.java:83)
	at adt.linkedList.RecursiveSingleLinkedListImpl.toArray(RecursiveSingleLinkedListImpl.java:83)
	at adt.linkedList.RecursiveSingleLinkedListImpl.toArray(RecursiveSingleLinkedListImpl.java:83)
	at adt.linkedList.RecursiveSingleLinkedListImpl.toArray(RecursiveSingleLinkedListImpl.java:83)
	at adt.linkedList.RecursiveSingleLinkedListImpl.toArray(RecursiveSingleLinkedListImpl.java:83)
	at adt.linkedList.RecursiveSingleLinkedListImpl.toArray(RecursiveSingleLinkedListImpl.java:83)
	at adt.linkedList.RecursiveSingleLinkedListImpl.toArray(RecursiveSingleLinkedListImpl.java:83)
	at adt.linkedList.RecursiveSingleLinkedListImpl.toArray(RecursiveSingleLinkedListImpl.java:83)
	at adt.linkedList.RecursiveSingleLinkedListImpl.toArray(RecursiveSingleLinkedListImpl.java:83)
	at adt.linkedList.RecursiveSingleLinkedListImpl.toArray(RecursiveSingleLinkedListImpl.java:83)
	at adt.linkedList.RecursiveSingleLinkedListImpl.toArray(RecursiveSingleLinkedListImpl.java:83)
	at adt.linkedList.RecursiveSingleLinkedListImpl.toArray(RecursiveSingleLinkedListImpl.java:83)
	at adt.linkedList.RecursiveSingleLinkedListImpl.toArray(RecursiveSingleLinkedListImpl.java:83)
	at adt.linkedList.RecursiveSingleLinkedListImpl.toArray(RecursiveSingleLinkedListImpl.java:83)
	at adt.linkedList.RecursiveSingleLinkedListImpl.toArray(RecursiveSingleLinkedListImpl.java:83)
	at adt.linkedList.RecursiveSingleLinkedListImpl.toArray(RecursiveSingleLinkedListImpl.java:83)
	at adt.linkedList.RecursiveSingleLinkedListImpl.toArray(RecursiveSingleLinkedListImpl.java:83)
	at adt.linkedList.RecursiveSingleLinkedListImpl.toArray(RecursiveSingleLinkedListImpl.java:83)
	at adt.linkedList.RecursiveSingleLinkedListImpl.toArray(RecursiveSingleLinkedListImpl.java:83)
	at adt.linkedList.RecursiveSingleLinkedListImpl.toArray(RecursiveSingleLinkedListImpl.java:83)
	at adt.linkedList.RecursiveSingleLinkedListImpl.toArray(RecursiveSingleLinkedListImpl.java:83)
	at adt.linkedList.RecursiveSingleLinkedListImpl.toArray(RecursiveSingleLinkedListImpl.java:83)
	at adt.linkedList.RecursiveSingleLinkedListImpl.toArray(RecursiveSingleLinkedListImpl.java:83)
	at adt.linkedList.RecursiveSingleLinkedListImpl.toArray(RecursiveSingleLinkedListImpl.java:83)
	at adt.linkedList.RecursiveSingleLinkedListImpl.toArray(RecursiveSingleLinkedListImpl.java:83)
	at adt.linkedList.RecursiveSingleLinkedListImpl.toArray(RecursiveSingleLinkedListImpl.java:83)
	at adt.linkedList.RecursiveSingleLinkedListImpl.toArray(RecursiveSingleLinkedListImpl.java:83)
	at adt.linkedList.RecursiveSingleLinkedListImpl.toArray(RecursiveSingleLinkedListImpl.java:83)
	at adt.linkedList.RecursiveSingleLinkedListImpl.toArray(RecursiveSingleLinkedListImpl.java:83)
	at adt.linkedList.RecursiveSingleLinkedListImpl.toArray(RecursiveSingleLinkedListImpl.java:83)
	at adt.linkedList.RecursiveSingleLinkedListImpl.toArray(RecursiveSingleLinkedListImpl.java:83)
	at adt.linkedList.RecursiveSingleLinkedListImpl.toArray(RecursiveSingleLinkedListImpl.java:83)
	at adt.linkedList.RecursiveSingleLinkedListImpl.toArray(RecursiveSingleLinkedListImpl.java:83)
	at adt.linkedList.RecursiveSingleLinkedListImpl.toArray(RecursiveSingleLinkedListImpl.java:83)
	at adt.linkedList.RecursiveSingleLinkedListImpl.toArray(RecursiveSingleLinkedListImpl.java:83)
	at adt.linkedList.RecursiveSingleLinkedListImpl.toArray(RecursiveSingleLinkedListImpl.java:83)
	at adt.linkedList.RecursiveSingleLinkedListImpl.toArray(RecursiveSingleLinkedListImpl.java:83)
	at adt.linkedList.RecursiveSingleLinkedListImpl.toArray(RecursiveSingleLinkedListImpl.java:83)
	at adt.linkedList.RecursiveSingleLinkedListImpl.toArray(RecursiveSingleLinkedListImpl.java:83)
	at adt.linkedList.RecursiveSingleLinkedListImpl.toArray(RecursiveSingleLinkedListImpl.java:83)
	at adt.linkedList.RecursiveSingleLinkedListImpl.toArray(RecursiveSingleLinkedListImpl.java:83)
	at adt.linkedList.RecursiveSingleLinkedListImpl.toArray(RecursiveSingleLinkedListImpl.java:83)
	at adt.linkedList.RecursiveSingleLinkedListImpl.toArray(RecursiveSingleLinkedListImpl.java:83)
	at adt.linkedList.RecursiveSingleLinkedListImpl.toArray(RecursiveSingleLinkedListImpl.java:83)
	at adt.linkedList.RecursiveSingleLinkedListImpl.toArray(RecursiveSingleLinkedListImpl.java:83)
	at adt.linkedList.RecursiveSingleLinkedListImpl.toArray(RecursiveSingleLinkedListImpl.java:83)
	at adt.linkedList.RecursiveSingleLinkedListImpl.toArray(RecursiveSingleLinkedListImpl.java:83)
	at adt.linkedList.RecursiveSingleLinkedListImpl.toArray(RecursiveSingleLinkedListImpl.java:83)
	at adt.linkedList.RecursiveSingleLinkedListImpl.toArray(RecursiveSingleLinkedListImpl.java:83)
	at adt.linkedList.RecursiveSingleLinkedListImpl.toArray(RecursiveSingleLinkedListImpl.java:83)
	at adt.linkedList.RecursiveSingleLinkedListImpl.toArray(RecursiveSingleLinkedListImpl.java:83)
	at adt.linkedList.RecursiveSingleLinkedListImpl.toArray(RecursiveSingleLinkedListImpl.java:83)
	at adt.linkedList.RecursiveSingleLinkedListImpl.toArray(RecursiveSingleLinkedListImpl.java:83)
	at adt.linkedList.RecursiveSingleLinkedListImpl.toArray(RecursiveSingleLinkedListImpl.java:83)
	at adt.linkedList.RecursiveSingleLinkedListImpl.toArray(RecursiveSingleLinkedListImpl.java:83)
	at adt.linkedList.RecursiveSingleLinkedListImpl.toArray(RecursiveSingleLinkedListImpl.java:83)
	at adt.linkedList.RecursiveSingleLinkedListImpl.toArray(RecursiveSingleLinkedListImpl.java:83)
	at adt.linkedList.RecursiveSingleLinkedListImpl.toArray(RecursiveSingleLinkedListImpl.java:83)
	at adt.linkedList.RecursiveSingleLinkedListImpl.toArray(RecursiveSingleLinkedListImpl.java:83)
	at adt.linkedList.RecursiveSingleLinkedListImpl.toArray(RecursiveSingleLinkedListImpl.java:83)
	at adt.linkedList.RecursiveSingleLinkedListImpl.toArray(RecursiveSingleLinkedListImpl.java:83)
	at adt.linkedList.RecursiveSingleLinkedListImpl.toArray(RecursiveSingleLinkedListImpl.java:83)
	at adt.linkedList.RecursiveSingleLinkedListImpl.toArray(RecursiveSingleLinkedListImpl.java:83)
	at adt.linkedList.RecursiveSingleLinkedListImpl.toArray(RecursiveSingleLinkedListImpl.java:83)
	at adt.linkedList.RecursiveSingleLinkedListImpl.toArray(RecursiveSingleLinkedListImpl.java:83)
	at adt.linkedList.RecursiveSingleLinkedListImpl.toArray(RecursiveSingleLinkedListImpl.java:83)
	at adt.linkedList.RecursiveSingleLinkedListImpl.toArray(RecursiveSingleLinkedListImpl.java:83)
	at adt.linkedList.RecursiveSingleLinkedListImpl.toArray(RecursiveSingleLinkedListImpl.java:83)
	at adt.linkedList.RecursiveSingleLinkedListImpl.toArray(RecursiveSingleLinkedListImpl.java:83)
	at adt.linkedList.RecursiveSingleLinkedListImpl.toArray(RecursiveSingleLinkedListImpl.java:83)
	at adt.linkedList.RecursiveSingleLinkedListImpl.toArray(RecursiveSingleLinkedListImpl.java:83)
	at adt.linkedList.RecursiveSingleLinkedListImpl.toArray(RecursiveSingleLinkedListImpl.java:83)
	at adt.linkedList.RecursiveSingleLinkedListImpl.toArray(RecursiveSingleLinkedListImpl.java:83)
	at adt.linkedList.RecursiveSingleLinkedListImpl.toArray(RecursiveSingleLinkedListImpl.java:83)
	at adt.linkedList.RecursiveSingleLinkedListImpl.toArray(RecursiveSingleLinkedListImpl.java:83)
	at adt.linkedList.RecursiveSingleLinkedListImpl.toArray(RecursiveSingleLinkedListImpl.java:83)
	at adt.linkedList.RecursiveSingleLinkedListImpl.toArray(RecursiveSingleLinkedListImpl.java:83)
	at adt.linkedList.RecursiveSingleLinkedListImpl.toArray(RecursiveSingleLinkedListImpl.java:83)
	at adt.linkedList.RecursiveSingleLinkedListImpl.toArray(RecursiveSingleLinkedListImpl.java:83)
	at adt.linkedList.RecursiveSingleLinkedListImpl.toArray(RecursiveSingleLinkedListImpl.java:83)
	at adt.linkedList.RecursiveSingleLinkedListImpl.toArray(RecursiveSingleLinkedListImpl.java:83)
	at adt.linkedList.RecursiveSingleLinkedListImpl.toArray(RecursiveSingleLinkedListImpl.java:83)
	at adt.linkedList.RecursiveSingleLinkedListImpl.toArray(RecursiveSingleLinkedListImpl.java:83)
	at adt.linkedList.RecursiveSingleLinkedListImpl.toArray(RecursiveSingleLinkedListImpl.java:83)
	at adt.linkedList.RecursiveSingleLinkedListImpl.toArray(RecursiveSingleLinkedListImpl.java:83)
	at adt.linkedList.RecursiveSingleLinkedListImpl.toArray(RecursiveSingleLinkedListImpl.java:83)
	at adt.linkedList.RecursiveSingleLinkedListImpl.toArray(RecursiveSingleLinkedListImpl.java:83)
	at adt.linkedList.RecursiveSingleLinkedListImpl.toArray(RecursiveSingleLinkedListImpl.java:83)
	at adt.linkedList.RecursiveSingleLinkedListImpl.toArray(RecursiveSingleLinkedListImpl.java:83)
	at adt.linkedList.RecursiveSingleLinkedListImpl.toArray(RecursiveSingleLinkedListImpl.java:83)
	at adt.linkedList.RecursiveSingleLinkedListImpl.toArray(RecursiveSingleLinkedListImpl.java:83)
	at adt.linkedList.RecursiveSingleLinkedListImpl.toArray(RecursiveSingleLinkedListImpl.java:83)
	at adt.linkedList.RecursiveSingleLinkedListImpl.toArray(RecursiveSingleLinkedListImpl.java:83)
	at adt.linkedList.RecursiveSingleLinkedListImpl.toArray(RecursiveSingleLinkedListImpl.java:83)
	at adt.linkedList.RecursiveSingleLinkedListImpl.toArray(RecursiveSingleLinkedListImpl.java:83)
	at adt.linkedList.RecursiveSingleLinkedListImpl.toArray(RecursiveSingleLinkedListImpl.java:83)
	at adt.linkedList.RecursiveSingleLinkedListImpl.toArray(RecursiveSingleLinkedListImpl.java:83)
	at adt.linkedList.RecursiveSingleLinkedListImpl.toArray(RecursiveSingleLinkedListImpl.java:83)
	at adt.linkedList.RecursiveSingleLinkedListImpl.toArray(RecursiveSingleLinkedListImpl.java:83)
	at adt.linkedList.RecursiveSingleLinkedListImpl.toArray(RecursiveSingleLinkedListImpl.java:83)
	at adt.linkedList.RecursiveSingleLinkedListImpl.toArray(RecursiveSingleLinkedListImpl.java:83)
	at adt.linkedList.RecursiveSingleLinkedListImpl.toArray(RecursiveSingleLinkedListImpl.java:83)
	at adt.linkedList.RecursiveSingleLinkedListImpl.toArray(RecursiveSingleLinkedListImpl.java:83)
	at adt.linkedList.RecursiveSingleLinkedListImpl.toArray(RecursiveSingleLinkedListImpl.java:83)
	at adt.linkedList.RecursiveSingleLinkedListImpl.toArray(RecursiveSingleLinkedListImpl.java:83)
	at adt.linkedList.RecursiveSingleLinkedListImpl.toArray(RecursiveSingleLinkedListImpl.java:83)
	at adt.linkedList.RecursiveSingleLinkedListImpl.toArray(RecursiveSingleLinkedListImpl.java:83)
	at adt.linkedList.RecursiveSingleLinkedListImpl.toArray(RecursiveSingleLinkedListImpl.java:83)
	at adt.linkedList.RecursiveSingleLinkedListImpl.toArray(RecursiveSingleLinkedListImpl.java:83)
	at adt.linkedList.RecursiveSingleLinkedListImpl.toArray(RecursiveSingleLinkedListImpl.java:83)
	at adt.linkedList.RecursiveSingleLinkedListImpl.toArray(RecursiveSingleLinkedListImpl.java:83)
	at adt.linkedList.RecursiveSingleLinkedListImpl.toArray(RecursiveSingleLinkedListImpl.java:83)
	at adt.linkedList.RecursiveSingleLinkedListImpl.toArray(RecursiveSingleLinkedListImpl.java:83)
	at adt.linkedList.RecursiveSingleLinkedListImpl.toArray(RecursiveSingleLinkedListImpl.java:83)
	at adt.linkedList.RecursiveSingleLinkedListImpl.toArray(RecursiveSingleLinkedListImpl.java:83)
	at adt.linkedList.RecursiveSingleLinkedListImpl.toArray(RecursiveSingleLinkedListImpl.java:83)
	at adt.linkedList.RecursiveSingleLinkedListImpl.toArray(RecursiveSingleLinkedListImpl.java:83)
	at adt.linkedList.RecursiveSingleLinkedListImpl.toArray(RecursiveSingleLinkedListImpl.java:83)
	at adt.linkedList.RecursiveSingleLinkedListImpl.toArray(RecursiveSingleLinkedListImpl.java:83)
	at adt.linkedList.RecursiveSingleLinkedListImpl.toArray(RecursiveSingleLinkedListImpl.java:83)
	at adt.linkedList.RecursiveSingleLinkedListImpl.toArray(RecursiveSingleLinkedListImpl.java:83)
	at adt.linkedList.RecursiveSingleLinkedListImpl.toArray(RecursiveSingleLinkedListImpl.java:83)
	at adt.linkedList.RecursiveSingleLinkedListImpl.toArray(RecursiveSingleLinkedListImpl.java:83)
	at adt.linkedList.RecursiveSingleLinkedListImpl.toArray(RecursiveSingleLinkedListImpl.java:83)
	at adt.linkedList.RecursiveSingleLinkedListImpl.toArray(RecursiveSingleLinkedListImpl.java:83)
	at adt.linkedList.RecursiveSingleLinkedListImpl.toArray(RecursiveSingleLinkedListImpl.java:83)
	at adt.linkedList.RecursiveSingleLinkedListImpl.toArray(RecursiveSingleLinkedListImpl.java:83)
	at adt.linkedList.RecursiveSingleLinkedListImpl.toArray(RecursiveSingleLinkedListImpl.java:83)
	at adt.linkedList.RecursiveSingleLinkedListImpl.toArray(RecursiveSingleLinkedListImpl.java:83)
	at adt.linkedList.RecursiveSingleLinkedListImpl.toArray(RecursiveSingleLinkedListImpl.java:83)
	at adt.linkedList.RecursiveSingleLinkedListImpl.toArray(RecursiveSingleLinkedListImpl.java:83)
	at adt.linkedList.RecursiveSingleLinkedListImpl.toArray(RecursiveSingleLinkedListImpl.java:83)
	at adt.linkedList.RecursiveSingleLinkedListImpl.toArray(RecursiveSingleLinkedListImpl.java:83)
	at adt.linkedList.RecursiveSingleLinkedListImpl.toArray(RecursiveSingleLinkedListImpl.java:83)
	at adt.linkedList.RecursiveSingleLinkedListImpl.toArray(RecursiveSingleLinkedListImpl.java:83)
	at adt.linkedList.RecursiveSingleLinkedListImpl.toArray(RecursiveSingleLinkedListImpl.java:83)
	at adt.linkedList.RecursiveSingleLinkedListImpl.toArray(RecursiveSingleLinkedListImpl.java:83)
	at adt.linkedList.RecursiveSingleLinkedListImpl.toArray(RecursiveSingleLinkedListImpl.java:83)
	at adt.linkedList.RecursiveSingleLinkedListImpl.toArray(RecursiveSingleLinkedListImpl.java:83)
	at adt.linkedList.RecursiveSingleLinkedListImpl.toArray(RecursiveSingleLinkedListImpl.java:83)
	at adt.linkedList.RecursiveSingleLinkedListImpl.toArray(RecursiveSingleLinkedListImpl.java:83)
	at adt.linkedList.RecursiveSingleLinkedListImpl.toArray(RecursiveSingleLinkedListImpl.java:83)
	at adt.linkedList.RecursiveSingleLinkedListImpl.toArray(RecursiveSingleLinkedListImpl.java:83)
	at adt.linkedList.RecursiveSingleLinkedListImpl.toArray(RecursiveSingleLinkedListImpl.java:83)
	at adt.linkedList.RecursiveSingleLinkedListImpl.toArray(RecursiveSingleLinkedListImpl.java:83)
	at adt.linkedList.RecursiveSingleLinkedListImpl.toArray(RecursiveSingleLinkedListImpl.java:83)
	at adt.linkedList.RecursiveSingleLinkedListImpl.toArray(RecursiveSingleLinkedListImpl.java:83)
	at adt.linkedList.RecursiveSingleLinkedListImpl.toArray(RecursiveSingleLinkedListImpl.java:83)
	at adt.linkedList.RecursiveSingleLinkedListImpl.toArray(RecursiveSingleLinkedListImpl.java:83)
	at adt.linkedList.RecursiveSingleLinkedListImpl.toArray(RecursiveSingleLinkedListImpl.java:83)
	at adt.linkedList.RecursiveSingleLinkedListImpl.toArray(RecursiveSingleLinkedListImpl.java:83)
	at adt.linkedList.RecursiveSingleLinkedListImpl.toArray(RecursiveSingleLinkedListImpl.java:83)
	at adt.linkedList.RecursiveSingleLinkedListImpl.toArray(RecursiveSingleLinkedListImpl.java:83)
	at adt.linkedList.RecursiveSingleLinkedListImpl.toArray(RecursiveSingleLinkedListImpl.java:83)
	at adt.linkedList.RecursiveSingleLinkedListImpl.toArray(RecursiveSingleLinkedListImpl.java:83)
	at adt.linkedList.RecursiveSingleLinkedListImpl.toArray(RecursiveSingleLinkedListImpl.java:83)
	at adt.linkedList.RecursiveSingleLinkedListImpl.toArray(RecursiveSingleLinkedListImpl.java:83)
	at adt.linkedList.RecursiveSingleLinkedListImpl.toArray(RecursiveSingleLinkedListImpl.java:83)
	at adt.linkedList.RecursiveSingleLinkedListImpl.toArray(RecursiveSingleLinkedListImpl.java:83)
	at adt.linkedList.RecursiveSingleLinkedListImpl.toArray(RecursiveSingleLinkedListImpl.java:83)
	at adt.linkedList.RecursiveSingleLinkedListImpl.toArray(RecursiveSingleLinkedListImpl.java:83)
	at adt.linkedList.RecursiveSingleLinkedListImpl.toArray(RecursiveSingleLinkedListImpl.java:83)
	at adt.linkedList.RecursiveSingleLinkedListImpl.toArray(RecursiveSingleLinkedListImpl.java:83)
	at adt.linkedList.RecursiveSingleLinkedListImpl.toArray(RecursiveSingleLinkedListImpl.java:83)
	at adt.linkedList.RecursiveSingleLinkedListImpl.toArray(RecursiveSingleLinkedListImpl.java:83)
	at adt.linkedList.RecursiveSingleLinkedListImpl.toArray(RecursiveSingleLinkedListImpl.java:83)
	at adt.linkedList.RecursiveSingleLinkedListImpl.toArray(RecursiveSingleLinkedListImpl.java:83)
	at adt.linkedList.RecursiveSingleLinkedListImpl.toArray(RecursiveSingleLinkedListImpl.java:83)
	at adt.linkedList.RecursiveSingleLinkedListImpl.toArray(RecursiveSingleLinkedListImpl.java:83)
	at adt.linkedList.RecursiveSingleLinkedListImpl.toArray(RecursiveSingleLinkedListImpl.java:83)
	at adt.linkedList.RecursiveSingleLinkedListImpl.toArray(RecursiveSingleLinkedListImpl.java:83)
	at adt.linkedList.RecursiveSingleLinkedListImpl.toArray(RecursiveSingleLinkedListImpl.java:83)
	at adt.linkedList.RecursiveSingleLinkedListImpl.toArray(RecursiveSingleLinkedListImpl.java:83)
	at adt.linkedList.RecursiveSingleLinkedListImpl.toArray(RecursiveSingleLinkedListImpl.java:83)
	at adt.linkedList.RecursiveSingleLinkedListImpl.toArray(RecursiveSingleLinkedListImpl.java:83)
	at adt.linkedList.RecursiveSingleLinkedListImpl.toArray(RecursiveSingleLinkedListImpl.java:83)
	at adt.linkedList.RecursiveSingleLinkedListImpl.toArray(RecursiveSingleLinkedListImpl.java:83)
	at adt.linkedList.RecursiveSingleLinkedListImpl.toArray(RecursiveSingleLinkedListImpl.java:83)
	at adt.linkedList.RecursiveSingleLinkedListImpl.toArray(RecursiveSingleLinkedListImpl.java:83)
	at adt.linkedList.RecursiveSingleLinkedListImpl.toArray(RecursiveSingleLinkedListImpl.java:83)
	at adt.linkedList.RecursiveSingleLinkedListImpl.toArray(RecursiveSingleLinkedListImpl.java:83)
	at adt.linkedList.RecursiveSingleLinkedListImpl.toArray(RecursiveSingleLinkedListImpl.java:83)
	at adt.linkedList.RecursiveSingleLinkedListImpl.toArray(RecursiveSingleLinkedListImpl.java:83)
	at adt.linkedList.RecursiveSingleLinkedListImpl.toArray(RecursiveSingleLinkedListImpl.java:83)
	at adt.linkedList.RecursiveSingleLinkedListImpl.toArray(RecursiveSingleLinkedListImpl.java:83)
	at adt.linkedList.RecursiveSingleLinkedListImpl.toArray(RecursiveSingleLinkedListImpl.java:83)
	at adt.linkedList.RecursiveSingleLinkedListImpl.toArray(RecursiveSingleLinkedListImpl.java:83)
	at adt.linkedList.RecursiveSingleLinkedListImpl.toArray(RecursiveSingleLinkedListImpl.java:83)
	at adt.linkedList.RecursiveSingleLinkedListImpl.toArray(RecursiveSingleLinkedListImpl.java:83)
	at adt.linkedList.RecursiveSingleLinkedListImpl.toArray(RecursiveSingleLinkedListImpl.java:83)
	at adt.linkedList.RecursiveSingleLinkedListImpl.toArray(RecursiveSingleLinkedListImpl.java:83)
	at adt.linkedList.RecursiveSingleLinkedListImpl.toArray(RecursiveSingleLinkedListImpl.java:83)
	at adt.linkedList.RecursiveSingleLinkedListImpl.toArray(RecursiveSingleLinkedListImpl.java:83)
	at adt.linkedList.RecursiveSingleLinkedListImpl.toArray(RecursiveSingleLinkedListImpl.java:83)
	at adt.linkedList.RecursiveSingleLinkedListImpl.toArray(RecursiveSingleLinkedListImpl.java:83)
	at adt.linkedList.RecursiveSingleLinkedListImpl.toArray(RecursiveSingleLinkedListImpl.java:83)
	at adt.linkedList.RecursiveSingleLinkedListImpl.toArray(RecursiveSingleLinkedListImpl.java:83)
	at adt.linkedList.RecursiveSingleLinkedListImpl.toArray(RecursiveSingleLinkedListImpl.java:83)
	at adt.linkedList.RecursiveSingleLinkedListImpl.toArray(RecursiveSingleLinkedListImpl.java:83)
	at adt.linkedList.RecursiveSingleLinkedListImpl.toArray(RecursiveSingleLinkedListImpl.java:83)
	at adt.linkedList.RecursiveSingleLinkedListImpl.toArray(RecursiveSingleLinkedListImpl.java:83)
	at adt.linkedList.RecursiveSingleLinkedListImpl.toArray(RecursiveSingleLinkedListImpl.java:83)
	at adt.linkedList.RecursiveSingleLinkedListImpl.toArray(RecursiveSingleLinkedListImpl.java:83)
	at adt.linkedList.RecursiveSingleLinkedListImpl.toArray(RecursiveSingleLinkedListImpl.java:83)
	at adt.linkedList.RecursiveSingleLinkedListImpl.toArray(RecursiveSingleLinkedListImpl.java:83)
	at adt.linkedList.RecursiveSingleLinkedListImpl.toArray(RecursiveSingleLinkedListImpl.java:83)
	at adt.linkedList.RecursiveSingleLinkedListImpl.toArray(RecursiveSingleLinkedListImpl.java:83)
	at adt.linkedList.RecursiveSingleLinkedListImpl.toArray(RecursiveSingleLinkedListImpl.java:83)
	at adt.linkedList.RecursiveSingleLinkedListImpl.toArray(RecursiveSingleLinkedListImpl.java:83)
	at adt.linkedList.RecursiveSingleLinkedListImpl.toArray(RecursiveSingleLinkedListImpl.java:83)
	at adt.linkedList.RecursiveSingleLinkedListImpl.toArray(RecursiveSingleLinkedListImpl.java:83)
	at adt.linkedList.RecursiveSingleLinkedListImpl.toArray(RecursiveSingleLinkedListImpl.java:83)
	at adt.linkedList.RecursiveSingleLinkedListImpl.toArray(RecursiveSingleLinkedListImpl.java:83)
	at adt.linkedList.RecursiveSingleLinkedListImpl.toArray(RecursiveSingleLinkedListImpl.java:83)
	at adt.linkedList.RecursiveSingleLinkedListImpl.toArray(RecursiveSingleLinkedListImpl.java:83)
	at adt.linkedList.RecursiveSingleLinkedListImpl.toArray(RecursiveSingleLinkedListImpl.java:83)
	at adt.linkedList.RecursiveSingleLinkedListImpl.toArray(RecursiveSingleLinkedListImpl.java:83)
	at adt.linkedList.RecursiveSingleLinkedListImpl.toArray(RecursiveSingleLinkedListImpl.java:83)
	at adt.linkedList.RecursiveSingleLinkedListImpl.toArray(RecursiveSingleLinkedListImpl.java:83)
	at adt.linkedList.RecursiveSingleLinkedListImpl.toArray(RecursiveSingleLinkedListImpl.java:83)
	at adt.linkedList.RecursiveSingleLinkedListImpl.toArray(RecursiveSingleLinkedListImpl.java:83)
	at adt.linkedList.RecursiveSingleLinkedListImpl.toArray(RecursiveSingleLinkedListImpl.java:83)
	at adt.linkedList.RecursiveSingleLinkedListImpl.toArray(RecursiveSingleLinkedListImpl.java:83)
	at adt.linkedList.RecursiveSingleLinkedListImpl.toArray(RecursiveSingleLinkedListImpl.java:83)
	at adt.linkedList.RecursiveSingleLinkedListImpl.toArray(RecursiveSingleLinkedListImpl.java:83)
	at adt.linkedList.RecursiveSingleLinkedListImpl.toArray(RecursiveSingleLinkedListImpl.java:83)
	at adt.linkedList.RecursiveSingleLinkedListImpl.toArray(RecursiveSingleLinkedListImpl.java:83)
	at adt.linkedList.RecursiveSingleLinkedListImpl.toArray(RecursiveSingleLinkedListImpl.java:83)
	at adt.linkedList.RecursiveSingleLinkedListImpl.toArray(RecursiveSingleLinkedListImpl.java:83)
	at adt.linkedList.RecursiveSingleLinkedListImpl.toArray(RecursiveSingleLinkedListImpl.java:83)
	at adt.linkedList.RecursiveSingleLinkedListImpl.toArray(RecursiveSingleLinkedListImpl.java:83)
	at adt.linkedList.RecursiveSingleLinkedListImpl.toArray(RecursiveSingleLinkedListImpl.java:83)
	at adt.linkedList.RecursiveSingleLinkedListImpl.toArray(RecursiveSingleLinkedListImpl.java:83)
	at adt.linkedList.RecursiveSingleLinkedListImpl.toArray(RecursiveSingleLinkedListImpl.java:83)
	at adt.linkedList.RecursiveSingleLinkedListImpl.toArray(RecursiveSingleLinkedListImpl.java:83)
	at adt.linkedList.RecursiveSingleLinkedListImpl.toArray(RecursiveSingleLinkedListImpl.java:83)
	at adt.linkedList.RecursiveSingleLinkedListImpl.toArray(RecursiveSingleLinkedListImpl.java:83)
	at adt.linkedList.RecursiveSingleLinkedListImpl.toArray(RecursiveSingleLinkedListImpl.java:83)
	at adt.linkedList.RecursiveSingleLinkedListImpl.toArray(RecursiveSingleLinkedListImpl.java:83)
	at adt.linkedList.RecursiveSingleLinkedListImpl.toArray(RecursiveSingleLinkedListImpl.java:83)
	at adt.linkedList.RecursiveSingleLinkedListImpl.toArray(RecursiveSingleLinkedListImpl.java:83)
	at adt.linkedList.RecursiveSingleLinkedListImpl.toArray(RecursiveSingleLinkedListImpl.java:83)
	at adt.linkedList.RecursiveSingleLinkedListImpl.toArray(RecursiveSingleLinkedListImpl.java:83)
	at adt.linkedList.RecursiveSingleLinkedListImpl.toArray(RecursiveSingleLinkedListImpl.java:83)
	at adt.linkedList.RecursiveSingleLinkedListImpl.toArray(RecursiveSingleLinkedListImpl.java:83)
	at adt.linkedList.RecursiveSingleLinkedListImpl.toArray(RecursiveSingleLinkedListImpl.java:83)
	at adt.linkedList.RecursiveSingleLinkedListImpl.toArray(RecursiveSingleLinkedListImpl.java:83)
	at adt.linkedList.RecursiveSingleLinkedListImpl.toArray(RecursiveSingleLinkedListImpl.java:83)
	at adt.linkedList.RecursiveSingleLinkedListImpl.toArray(RecursiveSingleLinkedListImpl.java:83)
	at adt.linkedList.RecursiveSingleLinkedListImpl.toArray(RecursiveSingleLinkedListImpl.java:83)
	at adt.linkedList.RecursiveSingleLinkedListImpl.toArray(RecursiveSingleLinkedListImpl.java:83)
	at adt.linkedList.RecursiveSingleLinkedListImpl.toArray(RecursiveSingleLinkedListImpl.java:83)
	at adt.linkedList.RecursiveSingleLinkedListImpl.toArray(RecursiveSingleLinkedListImpl.java:83)
	at adt.linkedList.RecursiveSingleLinkedListImpl.toArray(RecursiveSingleLinkedListImpl.java:83)
	at adt.linkedList.RecursiveSingleLinkedListImpl.toArray(RecursiveSingleLinkedListImpl.java:83)
	at adt.linkedList.RecursiveSingleLinkedListImpl.toArray(RecursiveSingleLinkedListImpl.java:83)
	at adt.linkedList.RecursiveSingleLinkedListImpl.toArray(RecursiveSingleLinkedListImpl.java:83)
	at adt.linkedList.RecursiveSingleLinkedListImpl.toArray(RecursiveSingleLinkedListImpl.java:83)
	at adt.linkedList.RecursiveSingleLinkedListImpl.toArray(RecursiveSingleLinkedListImpl.java:83)
	at adt.linkedList.RecursiveSingleLinkedListImpl.toArray(RecursiveSingleLinkedListImpl.java:83)
	at adt.linkedList.RecursiveSingleLinkedListImpl.toArray(RecursiveSingleLinkedListImpl.java:83)
	at adt.linkedList.RecursiveSingleLinkedListImpl.toArray(RecursiveSingleLinkedListImpl.java:83)
	at adt.linkedList.RecursiveSingleLinkedListImpl.toArray(RecursiveSingleLinkedListImpl.java:83)
	at adt.linkedList.RecursiveSingleLinkedListImpl.toArray(RecursiveSingleLinkedListImpl.java:83)
	at adt.linkedList.RecursiveSingleLinkedListImpl.toArray(RecursiveSingleLinkedListImpl.java:83)
	at adt.linkedList.RecursiveSingleLinkedListImpl.toArray(RecursiveSingleLinkedListImpl.java:83)
	at adt.linkedList.RecursiveSingleLinkedListImpl.toArray(RecursiveSingleLinkedListImpl.java:83)
	at adt.linkedList.RecursiveSingleLinkedListImpl.toArray(RecursiveSingleLinkedListImpl.java:83)
	at adt.linkedList.RecursiveSingleLinkedListImpl.toArray(RecursiveSingleLinkedListImpl.java:83)
	at adt.linkedList.RecursiveSingleLinkedListImpl.toArray(RecursiveSingleLinkedListImpl.java:83)
	at adt.linkedList.RecursiveSingleLinkedListImpl.toArray(RecursiveSingleLinkedListImpl.java:83)
	at adt.linkedList.RecursiveSingleLinkedListImpl.toArray(RecursiveSingleLinkedListImpl.java:83)
	at adt.linkedList.RecursiveSingleLinkedListImpl.toArray(RecursiveSingleLinkedListImpl.java:83)
	at adt.linkedList.RecursiveSingleLinkedListImpl.toArray(RecursiveSingleLinkedListImpl.java:83)
	at adt.linkedList.RecursiveSingleLinkedListImpl.toArray(RecursiveSingleLinkedListImpl.java:83)
	at adt.linkedList.RecursiveSingleLinkedListImpl.toArray(RecursiveSingleLinkedListImpl.java:83)
	at adt.linkedList.RecursiveSingleLinkedListImpl.toArray(RecursiveSingleLinkedListImpl.java:83)
	at adt.linkedList.RecursiveSingleLinkedListImpl.toArray(RecursiveSingleLinkedListImpl.java:83)
	at adt.linkedList.RecursiveSingleLinkedListImpl.toArray(RecursiveSingleLinkedListImpl.java:83)
	at adt.linkedList.RecursiveSingleLinkedListImpl.toArray(RecursiveSingleLinkedListImpl.java:83)
	at adt.linkedList.RecursiveSingleLinkedListImpl.toArray(RecursiveSingleLinkedListImpl.java:83)
	at adt.linkedList.RecursiveSingleLinkedListImpl.toArray(RecursiveSingleLinkedListImpl.java:83)
	at adt.linkedList.RecursiveSingleLinkedListImpl.toArray(RecursiveSingleLinkedListImpl.java:83)
	at adt.linkedList.RecursiveSingleLinkedListImpl.toArray(RecursiveSingleLinkedListImpl.java:83)
	at adt.linkedList.RecursiveSingleLinkedListImpl.toArray(RecursiveSingleLinkedListImpl.java:83)
	at adt.linkedList.RecursiveSingleLinkedListImpl.toArray(RecursiveSingleLinkedListImpl.java:83)
	at adt.linkedList.RecursiveSingleLinkedListImpl.toArray(RecursiveSingleLinkedListImpl.java:83)
	at adt.linkedList.RecursiveSingleLinkedListImpl.toArray(RecursiveSingleLinkedListImpl.java:83)
	at adt.linkedList.RecursiveSingleLinkedListImpl.toArray(RecursiveSingleLinkedListImpl.java:83)
	at adt.linkedList.RecursiveSingleLinkedListImpl.toArray(RecursiveSingleLinkedListImpl.java:83)
	at adt.linkedList.RecursiveSingleLinkedListImpl.toArray(RecursiveSingleLinkedListImpl.java:83)
	at adt.linkedList.RecursiveSingleLinkedListImpl.toArray(RecursiveSingleLinkedListImpl.java:83)
	at adt.linkedList.RecursiveSingleLinkedListImpl.toArray(RecursiveSingleLinkedListImpl.java:83)
	at adt.linkedList.RecursiveSingleLinkedListImpl.toArray(RecursiveSingleLinkedListImpl.java:83)
	at adt.linkedList.RecursiveSingleLinkedListImpl.toArray(RecursiveSingleLinkedListImpl.java:83)
	at adt.linkedList.RecursiveSingleLinkedListImpl.toArray(RecursiveSingleLinkedListImpl.java:83)
	at adt.linkedList.RecursiveSingleLinkedListImpl.toArray(RecursiveSingleLinkedListImpl.java:83)
	at adt.linkedList.RecursiveSingleLinkedListImpl.toArray(RecursiveSingleLinkedListImpl.java:83)
	at adt.linkedList.RecursiveSingleLinkedListImpl.toArray(RecursiveSingleLinkedListImpl.java:83)
	at adt.linkedList.RecursiveSingleLinkedListImpl.toArray(RecursiveSingleLinkedListImpl.java:83)
	at adt.linkedList.RecursiveSingleLinkedListImpl.toArray(RecursiveSingleLinkedListImpl.java:83)
	at adt.linkedList.RecursiveSingleLinkedListImpl.toArray(RecursiveSingleLinkedListImpl.java:83)
	at adt.linkedList.RecursiveSingleLinkedListImpl.toArray(RecursiveSingleLinkedListImpl.java:83)
	at adt.linkedList.RecursiveSingleLinkedListImpl.toArray(RecursiveSingleLinkedListImpl.java:83)
	at adt.linkedList.RecursiveSingleLinkedListImpl.toArray(RecursiveSingleLinkedListImpl.java:83)
	at adt.linkedList.RecursiveSingleLinkedListImpl.toArray(RecursiveSingleLinkedListImpl.java:83)
	at adt.linkedList.RecursiveSingleLinkedListImpl.toArray(RecursiveSingleLinkedListImpl.java:83)
	at adt.linkedList.RecursiveSingleLinkedListImpl.toArray(RecursiveSingleLinkedListImpl.java:83)
	at adt.linkedList.RecursiveSingleLinkedListImpl.toArray(RecursiveSingleLinkedListImpl.java:83)
	at adt.linkedList.RecursiveSingleLinkedListImpl.toArray(RecursiveSingleLinkedListImpl.java:83)
	at adt.linkedList.RecursiveSingleLinkedListImpl.toArray(RecursiveSingleLinkedListImpl.java:83)
	at adt.linkedList.RecursiveSingleLinkedListImpl.toArray(RecursiveSingleLinkedListImpl.java:83)
	at adt.linkedList.RecursiveSingleLinkedListImpl.toArray(RecursiveSingleLinkedListImpl.java:83)
	at adt.linkedList.RecursiveSingleLinkedListImpl.toArray(RecursiveSingleLinkedListImpl.java:83)
	at adt.linkedList.RecursiveSingleLinkedListImpl.toArray(RecursiveSingleLinkedListImpl.java:83)
	at adt.linkedList.RecursiveSingleLinkedListImpl.toArray(RecursiveSingleLinkedListImpl.java:83)
	at adt.linkedList.RecursiveSingleLinkedListImpl.toArray(RecursiveSingleLinkedListImpl.java:83)
	at adt.linkedList.RecursiveSingleLinkedListImpl.toArray(RecursiveSingleLinkedListImpl.java:83)
	at adt.linkedList.RecursiveSingleLinkedListImpl.toArray(RecursiveSingleLinkedListImpl.java:83)
	at adt.linkedList.RecursiveSingleLinkedListImpl.toArray(RecursiveSingleLinkedListImpl.java:83)
	at adt.linkedList.RecursiveSingleLinkedListImpl.toArray(RecursiveSingleLinkedListImpl.java:83)
	at adt.linkedList.RecursiveSingleLinkedListImpl.toArray(RecursiveSingleLinkedListImpl.java:83)
	at adt.linkedList.RecursiveSingleLinkedListImpl.toArray(RecursiveSingleLinkedListImpl.java:83)
	at adt.linkedList.RecursiveSingleLinkedListImpl.toArray(RecursiveSingleLinkedListImpl.java:83)
	at adt.linkedList.RecursiveSingleLinkedListImpl.toArray(RecursiveSingleLinkedListImpl.java:83)
	at adt.linkedList.RecursiveSingleLinkedListImpl.toArray(RecursiveSingleLinkedListImpl.java:83)
	at adt.linkedList.RecursiveSingleLinkedListImpl.toArray(RecursiveSingleLinkedListImpl.java:83)
	at adt.linkedList.RecursiveSingleLinkedListImpl.toArray(RecursiveSingleLinkedListImpl.java:83)
	at adt.linkedList.RecursiveSingleLinkedListImpl.toArray(RecursiveSingleLinkedListImpl.java:83)
	at adt.linkedList.RecursiveSingleLinkedListImpl.toArray(RecursiveSingleLinkedListImpl.java:83)
	at adt.linkedList.RecursiveSingleLinkedListImpl.toArray(RecursiveSingleLinkedListImpl.java:83)
	at adt.linkedList.RecursiveSingleLinkedListImpl.toArray(RecursiveSingleLinkedListImpl.java:83)
	at adt.linkedList.RecursiveSingleLinkedListImpl.toArray(RecursiveSingleLinkedListImpl.java:83)
	at adt.linkedList.RecursiveSingleLinkedListImpl.toArray(RecursiveSingleLinkedListImpl.java:83)
	at adt.linkedList.RecursiveSingleLinkedListImpl.toArray(RecursiveSingleLinkedListImpl.java:83)
	at adt.linkedList.RecursiveSingleLinkedListImpl.toArray(RecursiveSingleLinkedListImpl.java:83)
	at adt.linkedList.RecursiveSingleLinkedListImpl.toArray(RecursiveSingleLinkedListImpl.java:83)
	at adt.linkedList.RecursiveSingleLinkedListImpl.toArray(RecursiveSingleLinkedListImpl.java:83)
	at adt.linkedList.RecursiveSingleLinkedListImpl.toArray(RecursiveSingleLinkedListImpl.java:83)
	at adt.linkedList.RecursiveSingleLinkedListImpl.toArray(RecursiveSingleLinkedListImpl.java:83)
	at adt.linkedList.RecursiveSingleLinkedListImpl.toArray(RecursiveSingleLinkedListImpl.java:83)
	at adt.linkedList.RecursiveSingleLinkedListImpl.toArray(RecursiveSingleLinkedListImpl.java:83)
	at adt.linkedList.RecursiveSingleLinkedListImpl.toArray(RecursiveSingleLinkedListImpl.java:83)
	at adt.linkedList.RecursiveSingleLinkedListImpl.toArray(RecursiveSingleLinkedListImpl.java:83)
	at adt.linkedList.RecursiveSingleLinkedListImpl.toArray(RecursiveSingleLinkedListImpl.java:83)
	at adt.linkedList.RecursiveSingleLinkedListImpl.toArray(RecursiveSingleLinkedListImpl.java:83)
	at adt.linkedList.RecursiveSingleLinkedListImpl.toArray(RecursiveSingleLinkedListImpl.java:83)
	at adt.linkedList.RecursiveSingleLinkedListImpl.toArray(RecursiveSingleLinkedListImpl.java:83)
	at adt.linkedList.RecursiveSingleLinkedListImpl.toArray(RecursiveSingleLinkedListImpl.java:83)
	at adt.linkedList.RecursiveSingleLinkedListImpl.toArray(RecursiveSingleLinkedListImpl.java:83)
	at adt.linkedList.RecursiveSingleLinkedListImpl.toArray(RecursiveSingleLinkedListImpl.java:83)
	at adt.linkedList.RecursiveSingleLinkedListImpl.toArray(RecursiveSingleLinkedListImpl.java:83)
	at adt.linkedList.RecursiveSingleLinkedListImpl.toArray(RecursiveSingleLinkedListImpl.java:83)
	at adt.linkedList.RecursiveSingleLinkedListImpl.toArray(RecursiveSingleLinkedListImpl.java:83)
	at adt.linkedList.RecursiveSingleLinkedListImpl.toArray(RecursiveSingleLinkedListImpl.java:83)
	at adt.linkedList.RecursiveSingleLinkedListImpl.toArray(RecursiveSingleLinkedListImpl.java:83)
	at adt.linkedList.RecursiveSingleLinkedListImpl.toArray(RecursiveSingleLinkedListImpl.java:83)
	at adt.linkedList.RecursiveSingleLinkedListImpl.toArray(RecursiveSingleLinkedListImpl.java:83)
	at adt.linkedList.RecursiveSingleLinkedListImpl.toArray(RecursiveSingleLinkedListImpl.java:83)
	at adt.linkedList.RecursiveSingleLinkedListImpl.toArray(RecursiveSingleLinkedListImpl.java:83)
	at adt.linkedList.RecursiveSingleLinkedListImpl.toArray(RecursiveSingleLinkedListImpl.java:83)
	at adt.linkedList.RecursiveSingleLinkedListImpl.toArray(RecursiveSingleLinkedListImpl.java:83)
	at adt.linkedList.RecursiveSingleLinkedListImpl.toArray(RecursiveSingleLinkedListImpl.java:83)
	at adt.linkedList.RecursiveSingleLinkedListImpl.toArray(RecursiveSingleLinkedListImpl.java:83)
	at adt.linkedList.RecursiveSingleLinkedListImpl.toArray(RecursiveSingleLinkedListImpl.java:83)
	at adt.linkedList.RecursiveSingleLinkedListImpl.toArray(RecursiveSingleLinkedListImpl.java:83)
	at adt.linkedList.RecursiveSingleLinkedListImpl.toArray(RecursiveSingleLinkedListImpl.java:83)
	at adt.linkedList.RecursiveSingleLinkedListImpl.toArray(RecursiveSingleLinkedListImpl.java:83)
	at adt.linkedList.RecursiveSingleLinkedListImpl.toArray(RecursiveSingleLinkedListImpl.java:83)
	at adt.linkedList.RecursiveSingleLinkedListImpl.toArray(RecursiveSingleLinkedListImpl.java:83)
	at adt.linkedList.RecursiveSingleLinkedListImpl.toArray(RecursiveSingleLinkedListImpl.java:83)
	at adt.linkedList.RecursiveSingleLinkedListImpl.toArray(RecursiveSingleLinkedListImpl.java:83)
	at adt.linkedList.RecursiveSingleLinkedListImpl.toArray(RecursiveSingleLinkedListImpl.java:83)
	at adt.linkedList.RecursiveSingleLinkedListImpl.toArray(RecursiveSingleLinkedListImpl.java:83)
	at adt.linkedList.RecursiveSingleLinkedListImpl.toArray(RecursiveSingleLinkedListImpl.java:83)
	at adt.linkedList.RecursiveSingleLinkedListImpl.toArray(RecursiveSingleLinkedListImpl.java:83)
	at adt.linkedList.RecursiveSingleLinkedListImpl.toArray(RecursiveSingleLinkedListImpl.java:83)
	at adt.linkedList.RecursiveSingleLinkedListImpl.toArray(RecursiveSingleLinkedListImpl.java:83)
	at adt.linkedList.RecursiveSingleLinkedListImpl.toArray(RecursiveSingleLinkedListImpl.java:83)
	at adt.linkedList.RecursiveSingleLinkedListImpl.toArray(RecursiveSingleLinkedListImpl.java:83)
	at adt.linkedList.RecursiveSingleLinkedListImpl.toArray(RecursiveSingleLinkedListImpl.java:83)
	at adt.linkedList.RecursiveSingleLinkedListImpl.toArray(RecursiveSingleLinkedListImpl.java:83)
	at adt.linkedList.RecursiveSingleLinkedListImpl.toArray(RecursiveSingleLinkedListImpl.java:83)
	at adt.linkedList.RecursiveSingleLinkedListImpl.toArray(RecursiveSingleLinkedListImpl.java:83)
	at adt.linkedList.RecursiveSingleLinkedListImpl.toArray(RecursiveSingleLinkedListImpl.java:83)
	at adt.linkedList.RecursiveSingleLinkedListImpl.toArray(RecursiveSingleLinkedListImpl.java:83)
	at adt.linkedList.RecursiveSingleLinkedListImpl.toArray(RecursiveSingleLinkedListImpl.java:83)
	at adt.linkedList.RecursiveSingleLinkedListImpl.toArray(RecursiveSingleLinkedListImpl.java:83)
	at adt.linkedList.RecursiveSingleLinkedListImpl.toArray(RecursiveSingleLinkedListImpl.java:83)
	at adt.linkedList.RecursiveSingleLinkedListImpl.toArray(RecursiveSingleLinkedListImpl.java:83)
	at adt.linkedList.RecursiveSingleLinkedListImpl.toArray(RecursiveSingleLinkedListImpl.java:83)
	at adt.linkedList.RecursiveSingleLinkedListImpl.toArray(RecursiveSingleLinkedListImpl.java:83)
	at adt.linkedList.RecursiveSingleLinkedListImpl.toArray(RecursiveSingleLinkedListImpl.java:83)
	at adt.linkedList.RecursiveSingleLinkedListImpl.toArray(RecursiveSingleLinkedListImpl.java:83)
	at adt.linkedList.RecursiveSingleLinkedListImpl.toArray(RecursiveSingleLinkedListImpl.java:83)
	at adt.linkedList.RecursiveSingleLinkedListImpl.toArray(RecursiveSingleLinkedListImpl.java:83)
	at adt.linkedList.RecursiveSingleLinkedListImpl.toArray(RecursiveSingleLinkedListImpl.java:83)
	at adt.linkedList.RecursiveSingleLinkedListImpl.toArray(RecursiveSingleLinkedListImpl.java:83)
	at adt.linkedList.RecursiveSingleLinkedListImpl.toArray(RecursiveSingleLinkedListImpl.java:83)
	at adt.linkedList.RecursiveSingleLinkedListImpl.toArray(RecursiveSingleLinkedListImpl.java:83)
	at adt.linkedList.RecursiveSingleLinkedListImpl.toArray(RecursiveSingleLinkedListImpl.java:83)
	at adt.linkedList.RecursiveSingleLinkedListImpl.toArray(RecursiveSingleLinkedListImpl.java:83)
	at adt.linkedList.RecursiveSingleLinkedListImpl.toArray(RecursiveSingleLinkedListImpl.java:83)
	at adt.linkedList.RecursiveSingleLinkedListImpl.toArray(RecursiveSingleLinkedListImpl.java:83)
	at adt.linkedList.RecursiveSingleLinkedListImpl.toArray(RecursiveSingleLinkedListImpl.java:83)
	at adt.linkedList.RecursiveSingleLinkedListImpl.toArray(RecursiveSingleLinkedListImpl.java:83)
	at adt.linkedList.RecursiveSingleLinkedListImpl.toArray(RecursiveSingleLinkedListImpl.java:83)
	at adt.linkedList.RecursiveSingleLinkedListImpl.toArray(RecursiveSingleLinkedListImpl.java:83)
	at adt.linkedList.RecursiveSingleLinkedListImpl.toArray(RecursiveSingleLinkedListImpl.java:83)
	at adt.linkedList.RecursiveSingleLinkedListImpl.toArray(RecursiveSingleLinkedListImpl.java:83)
	at adt.linkedList.RecursiveSingleLinkedListImpl.toArray(RecursiveSingleLinkedListImpl.java:83)
	at adt.linkedList.RecursiveSingleLinkedListImpl.toArray(RecursiveSingleLinkedListImpl.java:83)
	at adt.linkedList.RecursiveSingleLinkedListImpl.toArray(RecursiveSingleLinkedListImpl.java:83)
	at adt.linkedList.RecursiveSingleLinkedListImpl.toArray(RecursiveSingleLinkedListImpl.java:83)
	at adt.linkedList.RecursiveSingleLinkedListImpl.toArray(RecursiveSingleLinkedListImpl.java:83)
	at adt.linkedList.RecursiveSingleLinkedListImpl.toArray(RecursiveSingleLinkedListImpl.java:83)
	at adt.linkedList.RecursiveSingleLinkedListImpl.toArray(RecursiveSingleLinkedListImpl.java:83)
	at adt.linkedList.RecursiveSingleLinkedListImpl.toArray(RecursiveSingleLinkedListImpl.java:83)
	at adt.linkedList.RecursiveSingleLinkedListImpl.toArray(RecursiveSingleLinkedListImpl.java:83)
	at adt.linkedList.RecursiveSingleLinkedListImpl.toArray(RecursiveSingleLinkedListImpl.java:83)
	at adt.linkedList.RecursiveSingleLinkedListImpl.toArray(RecursiveSingleLinkedListImpl.java:83)
	at adt.linkedList.RecursiveSingleLinkedListImpl.toArray(RecursiveSingleLinkedListImpl.java:83)
	at adt.linkedList.RecursiveSingleLinkedListImpl.toArray(RecursiveSingleLinkedListImpl.java:83)
	at adt.linkedList.RecursiveSingleLinkedListImpl.toArray(RecursiveSingleLinkedListImpl.java:83)
	at adt.linkedList.RecursiveSingleLinkedListImpl.toArray(RecursiveSingleLinkedListImpl.java:83)
	at adt.linkedList.RecursiveSingleLinkedListImpl.toArray(RecursiveSingleLinkedListImpl.java:83)
	at adt.linkedList.RecursiveSingleLinkedListImpl.toArray(RecursiveSingleLinkedListImpl.java:83)
	at adt.linkedList.RecursiveSingleLinkedListImpl.toArray(RecursiveSingleLinkedListImpl.java:83)
	at adt.linkedList.RecursiveSingleLinkedListImpl.toArray(RecursiveSingleLinkedListImpl.java:83)
	at adt.linkedList.RecursiveSingleLinkedListImpl.toArray(RecursiveSingleLinkedListImpl.java:83)
	at adt.linkedList.RecursiveSingleLinkedListImpl.toArray(RecursiveSingleLinkedListImpl.java:83)
	at adt.linkedList.RecursiveSingleLinkedListImpl.toArray(RecursiveSingleLinkedListImpl.java:83)
	at adt.linkedList.RecursiveSingleLinkedListImpl.toArray(RecursiveSingleLinkedListImpl.java:83)
	at adt.linkedList.RecursiveSingleLinkedListImpl.toArray(RecursiveSingleLinkedListImpl.java:83)
	at adt.linkedList.RecursiveSingleLinkedListImpl.toArray(RecursiveSingleLinkedListImpl.java:83)
	at adt.linkedList.RecursiveSingleLinkedListImpl.toArray(RecursiveSingleLinkedListImpl.java:83)
	at adt.linkedList.RecursiveSingleLinkedListImpl.toArray(RecursiveSingleLinkedListImpl.java:83)
	at adt.linkedList.RecursiveSingleLinkedListImpl.toArray(RecursiveSingleLinkedListImpl.java:83)
	at adt.linkedList.RecursiveSingleLinkedListImpl.toArray(RecursiveSingleLinkedListImpl.java:83)
	at adt.linkedList.RecursiveSingleLinkedListImpl.toArray(RecursiveSingleLinkedListImpl.java:83)
	at adt.linkedList.RecursiveSingleLinkedListImpl.toArray(RecursiveSingleLinkedListImpl.java:83)
	at adt.linkedList.RecursiveSingleLinkedListImpl.toArray(RecursiveSingleLinkedListImpl.java:83)
	at adt.linkedList.RecursiveSingleLinkedListImpl.toArray(RecursiveSingleLinkedListImpl.java:83)
	at adt.linkedList.RecursiveSingleLinkedListImpl.toArray(RecursiveSingleLinkedListImpl.java:83)
	at adt.linkedList.RecursiveSingleLinkedListImpl.toArray(RecursiveSingleLinkedListImpl.java:83)
	at adt.linkedList.RecursiveSingleLinkedListImpl.toArray(RecursiveSingleLinkedListImpl.java:83)
	at adt.linkedList.RecursiveSingleLinkedListImpl.toArray(RecursiveSingleLinkedListImpl.java:83)
	at adt.linkedList.RecursiveSingleLinkedListImpl.toArray(RecursiveSingleLinkedListImpl.java:83)
	at adt.linkedList.RecursiveSingleLinkedListImpl.toArray(RecursiveSingleLinkedListImpl.java:83)
	at adt.linkedList.RecursiveSingleLinkedListImpl.toArray(RecursiveSingleLinkedListImpl.java:83)
	at adt.linkedList.RecursiveSingleLinkedListImpl.toArray(RecursiveSingleLinkedListImpl.java:83)
	at adt.linkedList.RecursiveSingleLinkedListImpl.toArray(RecursiveSingleLinkedListImpl.java:83)
	at adt.linkedList.RecursiveSingleLinkedListImpl.toArray(RecursiveSingleLinkedListImpl.java:83)
	at adt.linkedList.RecursiveSingleLinkedListImpl.toArray(RecursiveSingleLinkedListImpl.java:83)
	at adt.linkedList.RecursiveSingleLinkedListImpl.toArray(RecursiveSingleLinkedListImpl.java:83)
	at adt.linkedList.RecursiveSingleLinkedListImpl.toArray(RecursiveSingleLinkedListImpl.java:83)
	at adt.linkedList.RecursiveSingleLinkedListImpl.toArray(RecursiveSingleLinkedListImpl.java:83)
	at adt.linkedList.RecursiveSingleLinkedListImpl.toArray(RecursiveSingleLinkedListImpl.java:83)
	at adt.linkedList.RecursiveSingleLinkedListImpl.toArray(RecursiveSingleLinkedListImpl.java:83)
	at adt.linkedList.RecursiveSingleLinkedListImpl.toArray(RecursiveSingleLinkedListImpl.java:83)
	at adt.linkedList.RecursiveSingleLinkedListImpl.toArray(RecursiveSingleLinkedListImpl.java:83)
	at adt.linkedList.RecursiveSingleLinkedListImpl.toArray(RecursiveSingleLinkedListImpl.java:83)
	at adt.linkedList.RecursiveSingleLinkedListImpl.toArray(RecursiveSingleLinkedListImpl.java:83)
	at adt.linkedList.RecursiveSingleLinkedListImpl.toArray(RecursiveSingleLinkedListImpl.java:83)
	at adt.linkedList.RecursiveSingleLinkedListImpl.toArray(RecursiveSingleLinkedListImpl.java:83)
	at adt.linkedList.RecursiveSingleLinkedListImpl.toArray(RecursiveSingleLinkedListImpl.java:83)
	at adt.linkedList.RecursiveSingleLinkedListImpl.toArray(RecursiveSingleLinkedListImpl.java:83)
	at adt.linkedList.RecursiveSingleLinkedListImpl.toArray(RecursiveSingleLinkedListImpl.java:83)
	at adt.linkedList.RecursiveSingleLinkedListImpl.toArray(RecursiveSingleLinkedListImpl.java:83)
	at adt.linkedList.RecursiveSingleLinkedListImpl.toArray(RecursiveSingleLinkedListImpl.java:83)
	at adt.linkedList.RecursiveSingleLinkedListImpl.toArray(RecursiveSingleLinkedListImpl.java:83)
	at adt.linkedList.RecursiveSingleLinkedListImpl.toArray(RecursiveSingleLinkedListImpl.java:83)
	at adt.linkedList.RecursiveSingleLinkedListImpl.toArray(RecursiveSingleLinkedListImpl.java:83)
	at adt.linkedList.RecursiveSingleLinkedListImpl.toArray(RecursiveSingleLinkedListImpl.java:83)
	at adt.linkedList.RecursiveSingleLinkedListImpl.toArray(RecursiveSingleLinkedListImpl.java:83)
	at adt.linkedList.RecursiveSingleLinkedListImpl.toArray(RecursiveSingleLinkedListImpl.java:83)
	at adt.linkedList.RecursiveSingleLinkedListImpl.toArray(RecursiveSingleLinkedListImpl.java:83)
	at adt.linkedList.RecursiveSingleLinkedListImpl.toArray(RecursiveSingleLinkedListImpl.java:83)
	at adt.linkedList.RecursiveSingleLinkedListImpl.toArray(RecursiveSingleLinkedListImpl.java:83)
	at adt.linkedList.RecursiveSingleLinkedListImpl.toArray(RecursiveSingleLinkedListImpl.java:83)
	at adt.linkedList.RecursiveSingleLinkedListImpl.toArray(RecursiveSingleLinkedListImpl.java:83)
	at adt.linkedList.RecursiveSingleLinkedListImpl.toArray(RecursiveSingleLinkedListImpl.java:83)
	at adt.linkedList.RecursiveSingleLinkedListImpl.toArray(RecursiveSingleLinkedListImpl.java:83)
	at adt.linkedList.RecursiveSingleLinkedListImpl.toArray(RecursiveSingleLinkedListImpl.java:83)
	at adt.linkedList.RecursiveSingleLinkedListImpl.toArray(RecursiveSingleLinkedListImpl.java:83)
	at adt.linkedList.RecursiveSingleLinkedListImpl.toArray(RecursiveSingleLinkedListImpl.java:83)
	at adt.linkedList.RecursiveSingleLinkedListImpl.toArray(RecursiveSingleLinkedListImpl.java:83)
	at adt.linkedList.RecursiveSingleLinkedListImpl.toArray(RecursiveSingleLinkedListImpl.java:83)
	at adt.linkedList.RecursiveSingleLinkedListImpl.toArray(RecursiveSingleLinkedListImpl.java:83)
	at adt.linkedList.RecursiveSingleLinkedListImpl.toArray(RecursiveSingleLinkedListImpl.java:83)
	at adt.linkedList.RecursiveSingleLinkedListImpl.toArray(RecursiveSingleLinkedListImpl.java:83)
	at adt.linkedList.RecursiveSingleLinkedListImpl.toArray(RecursiveSingleLinkedListImpl.java:83)
	at adt.linkedList.RecursiveSingleLinkedListImpl.toArray(RecursiveSingleLinkedListImpl.java:83)
	at adt.linkedList.RecursiveSingleLinkedListImpl.toArray(RecursiveSingleLinkedListImpl.java:83)
	at adt.linkedList.RecursiveSingleLinkedListImpl.toArray(RecursiveSingleLinkedListImpl.java:83)
	at adt.linkedList.RecursiveSingleLinkedListImpl.toArray(RecursiveSingleLinkedListImpl.java:83)
	at adt.linkedList.RecursiveSingleLinkedListImpl.toArray(RecursiveSingleLinkedListImpl.java:83)
	at adt.linkedList.RecursiveSingleLinkedListImpl.toArray(RecursiveSingleLinkedListImpl.java:83)
	at adt.linkedList.RecursiveSingleLinkedListImpl.toArray(RecursiveSingleLinkedListImpl.java:83)
	at adt.linkedList.RecursiveSingleLinkedListImpl.toArray(RecursiveSingleLinkedListImpl.java:83)
	at adt.linkedList.RecursiveSingleLinkedListImpl.toArray(RecursiveSingleLinkedListImpl.java:83)
	at adt.linkedList.RecursiveSingleLinkedListImpl.toArray(RecursiveSingleLinkedListImpl.java:83)
	at adt.linkedList.RecursiveSingleLinkedListImpl.toArray(RecursiveSingleLinkedListImpl.java:83)
	at adt.linkedList.RecursiveSingleLinkedListImpl.toArray(RecursiveSingleLinkedListImpl.java:83)
	at adt.linkedList.RecursiveSingleLinkedListImpl.toArray(RecursiveSingleLinkedListImpl.java:83)
	at adt.linkedList.RecursiveSingleLinkedListImpl.toArray(RecursiveSingleLinkedListImpl.java:83)
	at adt.linkedList.RecursiveSingleLinkedListImpl.toArray(RecursiveSingleLinkedListImpl.java:83)
	at adt.linkedList.RecursiveSingleLinkedListImpl.toArray(RecursiveSingleLinkedListImpl.java:83)
	at adt.linkedList.RecursiveSingleLinkedListImpl.toArray(RecursiveSingleLinkedListImpl.java:83)
	at adt.linkedList.RecursiveSingleLinkedListImpl.toArray(RecursiveSingleLinkedListImpl.java:83)
	at adt.linkedList.RecursiveSingleLinkedListImpl.toArray(RecursiveSingleLinkedListImpl.java:83)
	at adt.linkedList.RecursiveSingleLinkedListImpl.toArray(RecursiveSingleLinkedListImpl.java:83)
	at adt.linkedList.RecursiveSingleLinkedListImpl.toArray(RecursiveSingleLinkedListImpl.java:83)
	at adt.linkedList.RecursiveSingleLinkedListImpl.toArray(RecursiveSingleLinkedListImpl.java:83)
	at adt.linkedList.RecursiveSingleLinkedListImpl.toArray(RecursiveSingleLinkedListImpl.java:83)
	at adt.linkedList.RecursiveSingleLinkedListImpl.toArray(RecursiveSingleLinkedListImpl.java:83)
	at adt.linkedList.RecursiveSingleLinkedListImpl.toArray(RecursiveSingleLinkedListImpl.java:83)
	at adt.linkedList.RecursiveSingleLinkedListImpl.toArray(RecursiveSingleLinkedListImpl.java:83)
	at adt.linkedList.RecursiveSingleLinkedListImpl.toArray(RecursiveSingleLinkedListImpl.java:83)
	at adt.linkedList.RecursiveSingleLinkedListImpl.toArray(RecursiveSingleLinkedListImpl.java:83)
	at adt.linkedList.RecursiveSingleLinkedListImpl.toArray(RecursiveSingleLinkedListImpl.java:83)

